24-08-12.12:56:00.719 [main            ] INFO  RaffleStrategyTest     - Starting RaffleStrategyTest using Java 1.8.0_281 on DESKTOP-VCO2F1Q with PID 3064 (started by pc in D:\Code\idea\big-market\big-market-app)
24-08-12.12:56:00.723 [main            ] INFO  RaffleStrategyTest     - The following 1 profile is active: "dev"
24-08-12.12:56:03.835 [main            ] INFO  RepositoryConfigurationDelegate - Multiple Spring Data modules found, entering strict repository configuration mode
24-08-12.12:56:03.838 [main            ] INFO  RepositoryConfigurationDelegate - Bootstrapping Spring Data Redis repositories in DEFAULT mode.
24-08-12.12:56:03.932 [main            ] INFO  RepositoryConfigurationDelegate - Finished Spring Data repository scanning in 35 ms. Found 0 Redis repository interfaces.
24-08-12.12:56:06.690 [main            ] INFO  Version                - Redisson 3.23.4
24-08-12.12:56:07.413 [redisson-netty-2-5] INFO  MasterPubSubConnectionPool - 1 connections initialized for 127.0.0.1/127.0.0.1:16379
24-08-12.12:56:07.429 [redisson-netty-2-13] INFO  MasterConnectionPool   - 5 connections initialized for 127.0.0.1/127.0.0.1:16379
24-08-12.12:56:10.639 [main            ] INFO  EndpointLinksResolver  - Exposing 1 endpoint(s) beneath base path '/actuator'
24-08-12.12:56:10.715 [main            ] INFO  RaffleStrategyTest     - Started RaffleStrategyTest in 10.893 seconds (JVM running for 17.497)
24-08-12.12:56:11.805 [main            ] INFO  HikariDataSource       - HikariPool-1 - Starting...
24-08-12.12:56:12.718 [main            ] INFO  HikariDataSource       - HikariPool-1 - Start completed.
24-08-12.12:56:12.824 [SpringApplicationShutdownHook] INFO  HikariDataSource       - HikariPool-1 - Shutdown initiated...
24-08-12.12:56:12.828 [SpringApplicationShutdownHook] INFO  HikariDataSource       - HikariPool-1 - Shutdown completed.
24-08-12.13:23:05.393 [main            ] INFO  RaffleStrategyTest     - Starting RaffleStrategyTest using Java 1.8.0_281 on DESKTOP-VCO2F1Q with PID 10504 (started by pc in D:\Code\idea\big-market\big-market-app)
24-08-12.13:23:05.394 [main            ] INFO  RaffleStrategyTest     - The following 1 profile is active: "dev"
24-08-12.13:23:08.728 [main            ] INFO  RepositoryConfigurationDelegate - Multiple Spring Data modules found, entering strict repository configuration mode
24-08-12.13:23:08.744 [main            ] INFO  RepositoryConfigurationDelegate - Bootstrapping Spring Data Redis repositories in DEFAULT mode.
24-08-12.13:23:08.862 [main            ] INFO  RepositoryConfigurationDelegate - Finished Spring Data repository scanning in 38 ms. Found 0 Redis repository interfaces.
24-08-12.13:23:12.084 [main            ] INFO  Version                - Redisson 3.23.4
24-08-12.13:23:12.785 [redisson-netty-2-4] INFO  MasterPubSubConnectionPool - 1 connections initialized for 127.0.0.1/127.0.0.1:16379
24-08-12.13:23:12.809 [redisson-netty-2-13] INFO  MasterConnectionPool   - 5 connections initialized for 127.0.0.1/127.0.0.1:16379
24-08-12.13:23:15.594 [main            ] INFO  EndpointLinksResolver  - Exposing 1 endpoint(s) beneath base path '/actuator'
24-08-12.13:23:15.653 [main            ] INFO  RaffleStrategyTest     - Started RaffleStrategyTest in 10.639 seconds (JVM running for 11.497)
24-08-12.13:23:16.959 [main            ] INFO  HikariDataSource       - HikariPool-1 - Starting...
24-08-12.13:23:17.452 [main            ] INFO  HikariDataSource       - HikariPool-1 - Start completed.
24-08-12.13:23:17.509 [main            ] INFO  RaffleStrategyTest     - 测试结果：true
24-08-12.13:23:17.520 [redisson-netty-2-2] ERROR CommandDecoder         - Unable to decode data. channel: [id: 0x541b94d1, L:/127.0.0.1:8615 - R:127.0.0.1/127.0.0.1:16379], reply: ReplayingDecoderByteBuf(ridx=157, widx=157), command: (GET), promise: java.util.concurrent.CompletableFuture@2764c1f7[Not completed, 1 dependents], params: [big_market_strategy_award_key_100002]
com.esotericsoftware.kryo.KryoException: Unable to find class: cn.zf.domain.strategy.model.entity.StrategyAwardEntity
	at com.esotericsoftware.kryo.util.DefaultClassResolver.readName(DefaultClassResolver.java:182)
	at com.esotericsoftware.kryo.util.DefaultClassResolver.readClass(DefaultClassResolver.java:151)
	at com.esotericsoftware.kryo.Kryo.readClass(Kryo.java:758)
	at com.esotericsoftware.kryo.serializers.CollectionSerializer.read(CollectionSerializer.java:222)
	at com.esotericsoftware.kryo.serializers.CollectionSerializer.read(CollectionSerializer.java:44)
	at com.esotericsoftware.kryo.Kryo.readClassAndObject(Kryo.java:880)
	at org.redisson.codec.Kryo5Codec$4.decode(Kryo5Codec.java:144)
	at org.redisson.client.handler.CommandDecoder.decode(CommandDecoder.java:394)
	at org.redisson.client.handler.CommandDecoder.decodeCommand(CommandDecoder.java:205)
	at org.redisson.client.handler.CommandDecoder.decode(CommandDecoder.java:144)
	at org.redisson.client.handler.CommandDecoder.decode(CommandDecoder.java:120)
	at io.netty.handler.codec.ByteToMessageDecoder.decodeRemovalReentryProtection(ByteToMessageDecoder.java:529)
	at io.netty.handler.codec.ReplayingDecoder.callDecode(ReplayingDecoder.java:366)
	at io.netty.handler.codec.ByteToMessageDecoder.channelRead(ByteToMessageDecoder.java:290)
	at io.netty.channel.AbstractChannelHandlerContext.invokeChannelRead(AbstractChannelHandlerContext.java:444)
	at io.netty.channel.AbstractChannelHandlerContext.invokeChannelRead(AbstractChannelHandlerContext.java:420)
	at io.netty.channel.AbstractChannelHandlerContext.fireChannelRead(AbstractChannelHandlerContext.java:412)
	at io.netty.channel.DefaultChannelPipeline$HeadContext.channelRead(DefaultChannelPipeline.java:1410)
	at io.netty.channel.AbstractChannelHandlerContext.invokeChannelRead(AbstractChannelHandlerContext.java:440)
	at io.netty.channel.AbstractChannelHandlerContext.invokeChannelRead(AbstractChannelHandlerContext.java:420)
	at io.netty.channel.DefaultChannelPipeline.fireChannelRead(DefaultChannelPipeline.java:919)
	at io.netty.channel.nio.AbstractNioByteChannel$NioByteUnsafe.read(AbstractNioByteChannel.java:166)
	at io.netty.channel.nio.NioEventLoop.processSelectedKey(NioEventLoop.java:788)
	at io.netty.channel.nio.NioEventLoop.processSelectedKeysOptimized(NioEventLoop.java:724)
	at io.netty.channel.nio.NioEventLoop.processSelectedKeys(NioEventLoop.java:650)
	at io.netty.channel.nio.NioEventLoop.run(NioEventLoop.java:562)
	at io.netty.util.concurrent.SingleThreadEventExecutor$4.run(SingleThreadEventExecutor.java:997)
	at io.netty.util.internal.ThreadExecutorMap$2.run(ThreadExecutorMap.java:74)
	at io.netty.util.concurrent.FastThreadLocalRunnable.run(FastThreadLocalRunnable.java:30)
	at java.lang.Thread.run(Thread.java:748)
Caused by: java.lang.ClassNotFoundException: cn.zf.domain.strategy.model.entity.StrategyAwardEntity
	at java.net.URLClassLoader.findClass(URLClassLoader.java:382)
	at java.lang.ClassLoader.loadClass(ClassLoader.java:418)
	at sun.misc.Launcher$AppClassLoader.loadClass(Launcher.java:355)
	at java.lang.ClassLoader.loadClass(ClassLoader.java:351)
	at java.lang.Class.forName0(Native Method)
	at java.lang.Class.forName(Class.java:348)
	at com.esotericsoftware.kryo.util.DefaultClassResolver.readName(DefaultClassResolver.java:176)
	... 29 common frames omitted
24-08-12.13:23:17.525 [redisson-netty-2-2] ERROR ErrorsLoggingHandler   - Exception occured. Channel: [id: 0x541b94d1, L:/127.0.0.1:8615 - R:127.0.0.1/127.0.0.1:16379]
io.netty.handler.codec.DecoderException: com.esotericsoftware.kryo.KryoException: Unable to find class: cn.zf.domain.strategy.model.entity.StrategyAwardEntity
	at io.netty.handler.codec.ReplayingDecoder.callDecode(ReplayingDecoder.java:421)
	at io.netty.handler.codec.ByteToMessageDecoder.channelRead(ByteToMessageDecoder.java:290)
	at io.netty.channel.AbstractChannelHandlerContext.invokeChannelRead(AbstractChannelHandlerContext.java:444)
	at io.netty.channel.AbstractChannelHandlerContext.invokeChannelRead(AbstractChannelHandlerContext.java:420)
	at io.netty.channel.AbstractChannelHandlerContext.fireChannelRead(AbstractChannelHandlerContext.java:412)
	at io.netty.channel.DefaultChannelPipeline$HeadContext.channelRead(DefaultChannelPipeline.java:1410)
	at io.netty.channel.AbstractChannelHandlerContext.invokeChannelRead(AbstractChannelHandlerContext.java:440)
	at io.netty.channel.AbstractChannelHandlerContext.invokeChannelRead(AbstractChannelHandlerContext.java:420)
	at io.netty.channel.DefaultChannelPipeline.fireChannelRead(DefaultChannelPipeline.java:919)
	at io.netty.channel.nio.AbstractNioByteChannel$NioByteUnsafe.read(AbstractNioByteChannel.java:166)
	at io.netty.channel.nio.NioEventLoop.processSelectedKey(NioEventLoop.java:788)
	at io.netty.channel.nio.NioEventLoop.processSelectedKeysOptimized(NioEventLoop.java:724)
	at io.netty.channel.nio.NioEventLoop.processSelectedKeys(NioEventLoop.java:650)
	at io.netty.channel.nio.NioEventLoop.run(NioEventLoop.java:562)
	at io.netty.util.concurrent.SingleThreadEventExecutor$4.run(SingleThreadEventExecutor.java:997)
	at io.netty.util.internal.ThreadExecutorMap$2.run(ThreadExecutorMap.java:74)
	at io.netty.util.concurrent.FastThreadLocalRunnable.run(FastThreadLocalRunnable.java:30)
	at java.lang.Thread.run(Thread.java:748)
Caused by: com.esotericsoftware.kryo.KryoException: Unable to find class: cn.zf.domain.strategy.model.entity.StrategyAwardEntity
	at com.esotericsoftware.kryo.util.DefaultClassResolver.readName(DefaultClassResolver.java:182)
	at com.esotericsoftware.kryo.util.DefaultClassResolver.readClass(DefaultClassResolver.java:151)
	at com.esotericsoftware.kryo.Kryo.readClass(Kryo.java:758)
	at com.esotericsoftware.kryo.serializers.CollectionSerializer.read(CollectionSerializer.java:222)
	at com.esotericsoftware.kryo.serializers.CollectionSerializer.read(CollectionSerializer.java:44)
	at com.esotericsoftware.kryo.Kryo.readClassAndObject(Kryo.java:880)
	at org.redisson.codec.Kryo5Codec$4.decode(Kryo5Codec.java:144)
	at org.redisson.client.handler.CommandDecoder.decode(CommandDecoder.java:394)
	at org.redisson.client.handler.CommandDecoder.decodeCommand(CommandDecoder.java:205)
	at org.redisson.client.handler.CommandDecoder.decode(CommandDecoder.java:144)
	at org.redisson.client.handler.CommandDecoder.decode(CommandDecoder.java:120)
	at io.netty.handler.codec.ByteToMessageDecoder.decodeRemovalReentryProtection(ByteToMessageDecoder.java:529)
	at io.netty.handler.codec.ReplayingDecoder.callDecode(ReplayingDecoder.java:366)
	... 17 common frames omitted
Caused by: java.lang.ClassNotFoundException: cn.zf.domain.strategy.model.entity.StrategyAwardEntity
	at java.net.URLClassLoader.findClass(URLClassLoader.java:382)
	at java.lang.ClassLoader.loadClass(ClassLoader.java:418)
	at sun.misc.Launcher$AppClassLoader.loadClass(Launcher.java:355)
	at java.lang.ClassLoader.loadClass(ClassLoader.java:351)
	at java.lang.Class.forName0(Native Method)
	at java.lang.Class.forName(Class.java:348)
	at com.esotericsoftware.kryo.util.DefaultClassResolver.readName(DefaultClassResolver.java:176)
	... 29 common frames omitted
24-08-12.13:23:17.597 [SpringApplicationShutdownHook] INFO  HikariDataSource       - HikariPool-1 - Shutdown initiated...
24-08-12.13:23:17.601 [SpringApplicationShutdownHook] INFO  HikariDataSource       - HikariPool-1 - Shutdown completed.
24-08-12.13:24:04.960 [main            ] INFO  RaffleStrategyTest     - Starting RaffleStrategyTest using Java 1.8.0_281 on DESKTOP-VCO2F1Q with PID 12680 (started by pc in D:\Code\idea\big-market\big-market-app)
24-08-12.13:24:04.961 [main            ] INFO  RaffleStrategyTest     - The following 1 profile is active: "dev"
24-08-12.13:24:05.646 [main            ] INFO  RepositoryConfigurationDelegate - Multiple Spring Data modules found, entering strict repository configuration mode
24-08-12.13:24:05.648 [main            ] INFO  RepositoryConfigurationDelegate - Bootstrapping Spring Data Redis repositories in DEFAULT mode.
24-08-12.13:24:05.672 [main            ] INFO  RepositoryConfigurationDelegate - Finished Spring Data repository scanning in 11 ms. Found 0 Redis repository interfaces.
24-08-12.13:24:06.778 [main            ] INFO  Version                - Redisson 3.23.4
24-08-12.13:24:07.217 [redisson-netty-2-4] INFO  MasterPubSubConnectionPool - 1 connections initialized for 127.0.0.1/127.0.0.1:16379
24-08-12.13:24:07.236 [redisson-netty-2-13] INFO  MasterConnectionPool   - 5 connections initialized for 127.0.0.1/127.0.0.1:16379
24-08-12.13:24:09.278 [main            ] INFO  EndpointLinksResolver  - Exposing 1 endpoint(s) beneath base path '/actuator'
24-08-12.13:24:09.340 [main            ] INFO  RaffleStrategyTest     - Started RaffleStrategyTest in 4.75 seconds (JVM running for 5.531)
24-08-12.13:24:09.797 [main            ] INFO  HikariDataSource       - HikariPool-1 - Starting...
24-08-12.13:24:10.745 [main            ] INFO  HikariDataSource       - HikariPool-1 - Start completed.
24-08-12.13:24:10.944 [main            ] INFO  RaffleStrategyTest     - 测试结果：true
24-08-12.13:24:10.990 [redisson-netty-2-2] ERROR CommandDecoder         - Unable to decode data. channel: [id: 0x7ad2620e, L:/127.0.0.1:8704 - R:127.0.0.1/127.0.0.1:16379], reply: ReplayingDecoderByteBuf(ridx=157, widx=157), command: (GET), promise: java.util.concurrent.CompletableFuture@703c9dc4[Not completed, 1 dependents], params: [big_market_strategy_award_key_100002]
com.esotericsoftware.kryo.KryoException: Unable to find class: cn.zf.domain.strategy.model.entity.StrategyAwardEntity
	at com.esotericsoftware.kryo.util.DefaultClassResolver.readName(DefaultClassResolver.java:182)
	at com.esotericsoftware.kryo.util.DefaultClassResolver.readClass(DefaultClassResolver.java:151)
	at com.esotericsoftware.kryo.Kryo.readClass(Kryo.java:758)
	at com.esotericsoftware.kryo.serializers.CollectionSerializer.read(CollectionSerializer.java:222)
	at com.esotericsoftware.kryo.serializers.CollectionSerializer.read(CollectionSerializer.java:44)
	at com.esotericsoftware.kryo.Kryo.readClassAndObject(Kryo.java:880)
	at org.redisson.codec.Kryo5Codec$4.decode(Kryo5Codec.java:144)
	at org.redisson.client.handler.CommandDecoder.decode(CommandDecoder.java:394)
	at org.redisson.client.handler.CommandDecoder.decodeCommand(CommandDecoder.java:205)
	at org.redisson.client.handler.CommandDecoder.decode(CommandDecoder.java:144)
	at org.redisson.client.handler.CommandDecoder.decode(CommandDecoder.java:120)
	at io.netty.handler.codec.ByteToMessageDecoder.decodeRemovalReentryProtection(ByteToMessageDecoder.java:529)
	at io.netty.handler.codec.ReplayingDecoder.callDecode(ReplayingDecoder.java:366)
	at io.netty.handler.codec.ByteToMessageDecoder.channelRead(ByteToMessageDecoder.java:290)
	at io.netty.channel.AbstractChannelHandlerContext.invokeChannelRead(AbstractChannelHandlerContext.java:444)
	at io.netty.channel.AbstractChannelHandlerContext.invokeChannelRead(AbstractChannelHandlerContext.java:420)
	at io.netty.channel.AbstractChannelHandlerContext.fireChannelRead(AbstractChannelHandlerContext.java:412)
	at io.netty.channel.DefaultChannelPipeline$HeadContext.channelRead(DefaultChannelPipeline.java:1410)
	at io.netty.channel.AbstractChannelHandlerContext.invokeChannelRead(AbstractChannelHandlerContext.java:440)
	at io.netty.channel.AbstractChannelHandlerContext.invokeChannelRead(AbstractChannelHandlerContext.java:420)
	at io.netty.channel.DefaultChannelPipeline.fireChannelRead(DefaultChannelPipeline.java:919)
	at io.netty.channel.nio.AbstractNioByteChannel$NioByteUnsafe.read(AbstractNioByteChannel.java:166)
	at io.netty.channel.nio.NioEventLoop.processSelectedKey(NioEventLoop.java:788)
	at io.netty.channel.nio.NioEventLoop.processSelectedKeysOptimized(NioEventLoop.java:724)
	at io.netty.channel.nio.NioEventLoop.processSelectedKeys(NioEventLoop.java:650)
	at io.netty.channel.nio.NioEventLoop.run(NioEventLoop.java:562)
	at io.netty.util.concurrent.SingleThreadEventExecutor$4.run(SingleThreadEventExecutor.java:997)
	at io.netty.util.internal.ThreadExecutorMap$2.run(ThreadExecutorMap.java:74)
	at io.netty.util.concurrent.FastThreadLocalRunnable.run(FastThreadLocalRunnable.java:30)
	at java.lang.Thread.run(Thread.java:748)
Caused by: java.lang.ClassNotFoundException: cn.zf.domain.strategy.model.entity.StrategyAwardEntity
	at java.net.URLClassLoader.findClass(URLClassLoader.java:382)
	at java.lang.ClassLoader.loadClass(ClassLoader.java:418)
	at sun.misc.Launcher$AppClassLoader.loadClass(Launcher.java:355)
	at java.lang.ClassLoader.loadClass(ClassLoader.java:351)
	at java.lang.Class.forName0(Native Method)
	at java.lang.Class.forName(Class.java:348)
	at com.esotericsoftware.kryo.util.DefaultClassResolver.readName(DefaultClassResolver.java:176)
	... 29 common frames omitted
24-08-12.13:24:10.996 [redisson-netty-2-2] ERROR ErrorsLoggingHandler   - Exception occured. Channel: [id: 0x7ad2620e, L:/127.0.0.1:8704 - R:127.0.0.1/127.0.0.1:16379]
io.netty.handler.codec.DecoderException: com.esotericsoftware.kryo.KryoException: Unable to find class: cn.zf.domain.strategy.model.entity.StrategyAwardEntity
	at io.netty.handler.codec.ReplayingDecoder.callDecode(ReplayingDecoder.java:421)
	at io.netty.handler.codec.ByteToMessageDecoder.channelRead(ByteToMessageDecoder.java:290)
	at io.netty.channel.AbstractChannelHandlerContext.invokeChannelRead(AbstractChannelHandlerContext.java:444)
	at io.netty.channel.AbstractChannelHandlerContext.invokeChannelRead(AbstractChannelHandlerContext.java:420)
	at io.netty.channel.AbstractChannelHandlerContext.fireChannelRead(AbstractChannelHandlerContext.java:412)
	at io.netty.channel.DefaultChannelPipeline$HeadContext.channelRead(DefaultChannelPipeline.java:1410)
	at io.netty.channel.AbstractChannelHandlerContext.invokeChannelRead(AbstractChannelHandlerContext.java:440)
	at io.netty.channel.AbstractChannelHandlerContext.invokeChannelRead(AbstractChannelHandlerContext.java:420)
	at io.netty.channel.DefaultChannelPipeline.fireChannelRead(DefaultChannelPipeline.java:919)
	at io.netty.channel.nio.AbstractNioByteChannel$NioByteUnsafe.read(AbstractNioByteChannel.java:166)
	at io.netty.channel.nio.NioEventLoop.processSelectedKey(NioEventLoop.java:788)
	at io.netty.channel.nio.NioEventLoop.processSelectedKeysOptimized(NioEventLoop.java:724)
	at io.netty.channel.nio.NioEventLoop.processSelectedKeys(NioEventLoop.java:650)
	at io.netty.channel.nio.NioEventLoop.run(NioEventLoop.java:562)
	at io.netty.util.concurrent.SingleThreadEventExecutor$4.run(SingleThreadEventExecutor.java:997)
	at io.netty.util.internal.ThreadExecutorMap$2.run(ThreadExecutorMap.java:74)
	at io.netty.util.concurrent.FastThreadLocalRunnable.run(FastThreadLocalRunnable.java:30)
	at java.lang.Thread.run(Thread.java:748)
Caused by: com.esotericsoftware.kryo.KryoException: Unable to find class: cn.zf.domain.strategy.model.entity.StrategyAwardEntity
	at com.esotericsoftware.kryo.util.DefaultClassResolver.readName(DefaultClassResolver.java:182)
	at com.esotericsoftware.kryo.util.DefaultClassResolver.readClass(DefaultClassResolver.java:151)
	at com.esotericsoftware.kryo.Kryo.readClass(Kryo.java:758)
	at com.esotericsoftware.kryo.serializers.CollectionSerializer.read(CollectionSerializer.java:222)
	at com.esotericsoftware.kryo.serializers.CollectionSerializer.read(CollectionSerializer.java:44)
	at com.esotericsoftware.kryo.Kryo.readClassAndObject(Kryo.java:880)
	at org.redisson.codec.Kryo5Codec$4.decode(Kryo5Codec.java:144)
	at org.redisson.client.handler.CommandDecoder.decode(CommandDecoder.java:394)
	at org.redisson.client.handler.CommandDecoder.decodeCommand(CommandDecoder.java:205)
	at org.redisson.client.handler.CommandDecoder.decode(CommandDecoder.java:144)
	at org.redisson.client.handler.CommandDecoder.decode(CommandDecoder.java:120)
	at io.netty.handler.codec.ByteToMessageDecoder.decodeRemovalReentryProtection(ByteToMessageDecoder.java:529)
	at io.netty.handler.codec.ReplayingDecoder.callDecode(ReplayingDecoder.java:366)
	... 17 common frames omitted
Caused by: java.lang.ClassNotFoundException: cn.zf.domain.strategy.model.entity.StrategyAwardEntity
	at java.net.URLClassLoader.findClass(URLClassLoader.java:382)
	at java.lang.ClassLoader.loadClass(ClassLoader.java:418)
	at sun.misc.Launcher$AppClassLoader.loadClass(Launcher.java:355)
	at java.lang.ClassLoader.loadClass(ClassLoader.java:351)
	at java.lang.Class.forName0(Native Method)
	at java.lang.Class.forName(Class.java:348)
	at com.esotericsoftware.kryo.util.DefaultClassResolver.readName(DefaultClassResolver.java:176)
	... 29 common frames omitted
24-08-12.13:24:11.290 [SpringApplicationShutdownHook] INFO  HikariDataSource       - HikariPool-1 - Shutdown initiated...
24-08-12.13:24:11.308 [SpringApplicationShutdownHook] INFO  HikariDataSource       - HikariPool-1 - Shutdown completed.
24-08-12.13:24:57.689 [main            ] INFO  RaffleStrategyTest     - Starting RaffleStrategyTest using Java 1.8.0_281 on DESKTOP-VCO2F1Q with PID 12252 (started by pc in D:\Code\idea\big-market\big-market-app)
24-08-12.13:24:57.690 [main            ] INFO  RaffleStrategyTest     - The following 1 profile is active: "dev"
24-08-12.13:24:58.346 [main            ] INFO  RepositoryConfigurationDelegate - Multiple Spring Data modules found, entering strict repository configuration mode
24-08-12.13:24:58.348 [main            ] INFO  RepositoryConfigurationDelegate - Bootstrapping Spring Data Redis repositories in DEFAULT mode.
24-08-12.13:24:58.374 [main            ] INFO  RepositoryConfigurationDelegate - Finished Spring Data repository scanning in 12 ms. Found 0 Redis repository interfaces.
24-08-12.13:24:59.355 [main            ] INFO  Version                - Redisson 3.23.4
24-08-12.13:24:59.656 [redisson-netty-2-4] INFO  MasterPubSubConnectionPool - 1 connections initialized for 127.0.0.1/127.0.0.1:16379
24-08-12.13:24:59.668 [redisson-netty-2-13] INFO  MasterConnectionPool   - 5 connections initialized for 127.0.0.1/127.0.0.1:16379
24-08-12.13:25:01.060 [main            ] INFO  EndpointLinksResolver  - Exposing 1 endpoint(s) beneath base path '/actuator'
24-08-12.13:25:01.104 [main            ] INFO  RaffleStrategyTest     - Started RaffleStrategyTest in 3.775 seconds (JVM running for 4.505)
24-08-12.13:25:01.565 [main            ] INFO  HikariDataSource       - HikariPool-1 - Starting...
24-08-12.13:25:01.933 [main            ] INFO  HikariDataSource       - HikariPool-1 - Start completed.
24-08-12.13:25:02.006 [main            ] INFO  RaffleStrategyTest     - 测试结果：true
24-08-12.13:25:02.011 [redisson-netty-2-2] ERROR CommandDecoder         - Unable to decode data. channel: [id: 0x02559a8c, L:/127.0.0.1:8793 - R:127.0.0.1/127.0.0.1:16379], reply: ReplayingDecoderByteBuf(ridx=157, widx=157), command: (GET), promise: java.util.concurrent.CompletableFuture@66b9bb34[Not completed, 1 dependents], params: [big_market_strategy_award_key_100002]
com.esotericsoftware.kryo.KryoException: Unable to find class: cn.zf.domain.strategy.model.entity.StrategyAwardEntity
	at com.esotericsoftware.kryo.util.DefaultClassResolver.readName(DefaultClassResolver.java:182)
	at com.esotericsoftware.kryo.util.DefaultClassResolver.readClass(DefaultClassResolver.java:151)
	at com.esotericsoftware.kryo.Kryo.readClass(Kryo.java:758)
	at com.esotericsoftware.kryo.serializers.CollectionSerializer.read(CollectionSerializer.java:222)
	at com.esotericsoftware.kryo.serializers.CollectionSerializer.read(CollectionSerializer.java:44)
	at com.esotericsoftware.kryo.Kryo.readClassAndObject(Kryo.java:880)
	at org.redisson.codec.Kryo5Codec$4.decode(Kryo5Codec.java:144)
	at org.redisson.client.handler.CommandDecoder.decode(CommandDecoder.java:394)
	at org.redisson.client.handler.CommandDecoder.decodeCommand(CommandDecoder.java:205)
	at org.redisson.client.handler.CommandDecoder.decode(CommandDecoder.java:144)
	at org.redisson.client.handler.CommandDecoder.decode(CommandDecoder.java:120)
	at io.netty.handler.codec.ByteToMessageDecoder.decodeRemovalReentryProtection(ByteToMessageDecoder.java:529)
	at io.netty.handler.codec.ReplayingDecoder.callDecode(ReplayingDecoder.java:366)
	at io.netty.handler.codec.ByteToMessageDecoder.channelRead(ByteToMessageDecoder.java:290)
	at io.netty.channel.AbstractChannelHandlerContext.invokeChannelRead(AbstractChannelHandlerContext.java:444)
	at io.netty.channel.AbstractChannelHandlerContext.invokeChannelRead(AbstractChannelHandlerContext.java:420)
	at io.netty.channel.AbstractChannelHandlerContext.fireChannelRead(AbstractChannelHandlerContext.java:412)
	at io.netty.channel.DefaultChannelPipeline$HeadContext.channelRead(DefaultChannelPipeline.java:1410)
	at io.netty.channel.AbstractChannelHandlerContext.invokeChannelRead(AbstractChannelHandlerContext.java:440)
	at io.netty.channel.AbstractChannelHandlerContext.invokeChannelRead(AbstractChannelHandlerContext.java:420)
	at io.netty.channel.DefaultChannelPipeline.fireChannelRead(DefaultChannelPipeline.java:919)
	at io.netty.channel.nio.AbstractNioByteChannel$NioByteUnsafe.read(AbstractNioByteChannel.java:166)
	at io.netty.channel.nio.NioEventLoop.processSelectedKey(NioEventLoop.java:788)
	at io.netty.channel.nio.NioEventLoop.processSelectedKeysOptimized(NioEventLoop.java:724)
	at io.netty.channel.nio.NioEventLoop.processSelectedKeys(NioEventLoop.java:650)
	at io.netty.channel.nio.NioEventLoop.run(NioEventLoop.java:562)
	at io.netty.util.concurrent.SingleThreadEventExecutor$4.run(SingleThreadEventExecutor.java:997)
	at io.netty.util.internal.ThreadExecutorMap$2.run(ThreadExecutorMap.java:74)
	at io.netty.util.concurrent.FastThreadLocalRunnable.run(FastThreadLocalRunnable.java:30)
	at java.lang.Thread.run(Thread.java:748)
Caused by: java.lang.ClassNotFoundException: cn.zf.domain.strategy.model.entity.StrategyAwardEntity
	at java.net.URLClassLoader.findClass(URLClassLoader.java:382)
	at java.lang.ClassLoader.loadClass(ClassLoader.java:418)
	at sun.misc.Launcher$AppClassLoader.loadClass(Launcher.java:355)
	at java.lang.ClassLoader.loadClass(ClassLoader.java:351)
	at java.lang.Class.forName0(Native Method)
	at java.lang.Class.forName(Class.java:348)
	at com.esotericsoftware.kryo.util.DefaultClassResolver.readName(DefaultClassResolver.java:176)
	... 29 common frames omitted
24-08-12.13:25:02.017 [redisson-netty-2-2] ERROR ErrorsLoggingHandler   - Exception occured. Channel: [id: 0x02559a8c, L:/127.0.0.1:8793 - R:127.0.0.1/127.0.0.1:16379]
io.netty.handler.codec.DecoderException: com.esotericsoftware.kryo.KryoException: Unable to find class: cn.zf.domain.strategy.model.entity.StrategyAwardEntity
	at io.netty.handler.codec.ReplayingDecoder.callDecode(ReplayingDecoder.java:421)
	at io.netty.handler.codec.ByteToMessageDecoder.channelRead(ByteToMessageDecoder.java:290)
	at io.netty.channel.AbstractChannelHandlerContext.invokeChannelRead(AbstractChannelHandlerContext.java:444)
	at io.netty.channel.AbstractChannelHandlerContext.invokeChannelRead(AbstractChannelHandlerContext.java:420)
	at io.netty.channel.AbstractChannelHandlerContext.fireChannelRead(AbstractChannelHandlerContext.java:412)
	at io.netty.channel.DefaultChannelPipeline$HeadContext.channelRead(DefaultChannelPipeline.java:1410)
	at io.netty.channel.AbstractChannelHandlerContext.invokeChannelRead(AbstractChannelHandlerContext.java:440)
	at io.netty.channel.AbstractChannelHandlerContext.invokeChannelRead(AbstractChannelHandlerContext.java:420)
	at io.netty.channel.DefaultChannelPipeline.fireChannelRead(DefaultChannelPipeline.java:919)
	at io.netty.channel.nio.AbstractNioByteChannel$NioByteUnsafe.read(AbstractNioByteChannel.java:166)
	at io.netty.channel.nio.NioEventLoop.processSelectedKey(NioEventLoop.java:788)
	at io.netty.channel.nio.NioEventLoop.processSelectedKeysOptimized(NioEventLoop.java:724)
	at io.netty.channel.nio.NioEventLoop.processSelectedKeys(NioEventLoop.java:650)
	at io.netty.channel.nio.NioEventLoop.run(NioEventLoop.java:562)
	at io.netty.util.concurrent.SingleThreadEventExecutor$4.run(SingleThreadEventExecutor.java:997)
	at io.netty.util.internal.ThreadExecutorMap$2.run(ThreadExecutorMap.java:74)
	at io.netty.util.concurrent.FastThreadLocalRunnable.run(FastThreadLocalRunnable.java:30)
	at java.lang.Thread.run(Thread.java:748)
Caused by: com.esotericsoftware.kryo.KryoException: Unable to find class: cn.zf.domain.strategy.model.entity.StrategyAwardEntity
	at com.esotericsoftware.kryo.util.DefaultClassResolver.readName(DefaultClassResolver.java:182)
	at com.esotericsoftware.kryo.util.DefaultClassResolver.readClass(DefaultClassResolver.java:151)
	at com.esotericsoftware.kryo.Kryo.readClass(Kryo.java:758)
	at com.esotericsoftware.kryo.serializers.CollectionSerializer.read(CollectionSerializer.java:222)
	at com.esotericsoftware.kryo.serializers.CollectionSerializer.read(CollectionSerializer.java:44)
	at com.esotericsoftware.kryo.Kryo.readClassAndObject(Kryo.java:880)
	at org.redisson.codec.Kryo5Codec$4.decode(Kryo5Codec.java:144)
	at org.redisson.client.handler.CommandDecoder.decode(CommandDecoder.java:394)
	at org.redisson.client.handler.CommandDecoder.decodeCommand(CommandDecoder.java:205)
	at org.redisson.client.handler.CommandDecoder.decode(CommandDecoder.java:144)
	at org.redisson.client.handler.CommandDecoder.decode(CommandDecoder.java:120)
	at io.netty.handler.codec.ByteToMessageDecoder.decodeRemovalReentryProtection(ByteToMessageDecoder.java:529)
	at io.netty.handler.codec.ReplayingDecoder.callDecode(ReplayingDecoder.java:366)
	... 17 common frames omitted
Caused by: java.lang.ClassNotFoundException: cn.zf.domain.strategy.model.entity.StrategyAwardEntity
	at java.net.URLClassLoader.findClass(URLClassLoader.java:382)
	at java.lang.ClassLoader.loadClass(ClassLoader.java:418)
	at sun.misc.Launcher$AppClassLoader.loadClass(Launcher.java:355)
	at java.lang.ClassLoader.loadClass(ClassLoader.java:351)
	at java.lang.Class.forName0(Native Method)
	at java.lang.Class.forName(Class.java:348)
	at com.esotericsoftware.kryo.util.DefaultClassResolver.readName(DefaultClassResolver.java:176)
	... 29 common frames omitted
24-08-12.13:25:02.055 [SpringApplicationShutdownHook] INFO  HikariDataSource       - HikariPool-1 - Shutdown initiated...
24-08-12.13:25:02.071 [SpringApplicationShutdownHook] INFO  HikariDataSource       - HikariPool-1 - Shutdown completed.
24-08-12.13:26:15.773 [main            ] INFO  RaffleStrategyTest     - Starting RaffleStrategyTest using Java 1.8.0_281 on DESKTOP-VCO2F1Q with PID 19160 (started by pc in D:\Code\idea\big-market\big-market-app)
24-08-12.13:26:15.774 [main            ] INFO  RaffleStrategyTest     - The following 1 profile is active: "dev"
24-08-12.13:26:16.414 [main            ] INFO  RepositoryConfigurationDelegate - Multiple Spring Data modules found, entering strict repository configuration mode
24-08-12.13:26:16.417 [main            ] INFO  RepositoryConfigurationDelegate - Bootstrapping Spring Data Redis repositories in DEFAULT mode.
24-08-12.13:26:16.438 [main            ] INFO  RepositoryConfigurationDelegate - Finished Spring Data repository scanning in 10 ms. Found 0 Redis repository interfaces.
24-08-12.13:26:17.437 [main            ] INFO  Version                - Redisson 3.23.4
24-08-12.13:26:17.731 [redisson-netty-2-4] INFO  MasterPubSubConnectionPool - 1 connections initialized for 127.0.0.1/127.0.0.1:16379
24-08-12.13:26:17.745 [redisson-netty-2-13] INFO  MasterConnectionPool   - 5 connections initialized for 127.0.0.1/127.0.0.1:16379
24-08-12.13:26:19.175 [main            ] INFO  EndpointLinksResolver  - Exposing 1 endpoint(s) beneath base path '/actuator'
24-08-12.13:26:19.231 [main            ] INFO  RaffleStrategyTest     - Started RaffleStrategyTest in 3.805 seconds (JVM running for 4.567)
24-08-12.13:26:19.690 [main            ] INFO  HikariDataSource       - HikariPool-1 - Starting...
24-08-12.13:26:20.058 [main            ] INFO  HikariDataSource       - HikariPool-1 - Start completed.
24-08-12.13:26:20.125 [main            ] INFO  RaffleStrategyTest     - 测试结果：true
24-08-12.13:26:20.129 [redisson-netty-2-2] ERROR CommandDecoder         - Unable to decode data. channel: [id: 0xffeb67af, L:/127.0.0.1:8942 - R:127.0.0.1/127.0.0.1:16379], reply: ReplayingDecoderByteBuf(ridx=157, widx=157), command: (GET), promise: java.util.concurrent.CompletableFuture@607ba1cb[Not completed, 1 dependents], params: [big_market_strategy_award_key_100002]
com.esotericsoftware.kryo.KryoException: Unable to find class: cn.zf.domain.strategy.model.entity.StrategyAwardEntity
	at com.esotericsoftware.kryo.util.DefaultClassResolver.readName(DefaultClassResolver.java:182)
	at com.esotericsoftware.kryo.util.DefaultClassResolver.readClass(DefaultClassResolver.java:151)
	at com.esotericsoftware.kryo.Kryo.readClass(Kryo.java:758)
	at com.esotericsoftware.kryo.serializers.CollectionSerializer.read(CollectionSerializer.java:222)
	at com.esotericsoftware.kryo.serializers.CollectionSerializer.read(CollectionSerializer.java:44)
	at com.esotericsoftware.kryo.Kryo.readClassAndObject(Kryo.java:880)
	at org.redisson.codec.Kryo5Codec$4.decode(Kryo5Codec.java:144)
	at org.redisson.client.handler.CommandDecoder.decode(CommandDecoder.java:394)
	at org.redisson.client.handler.CommandDecoder.decodeCommand(CommandDecoder.java:205)
	at org.redisson.client.handler.CommandDecoder.decode(CommandDecoder.java:144)
	at org.redisson.client.handler.CommandDecoder.decode(CommandDecoder.java:120)
	at io.netty.handler.codec.ByteToMessageDecoder.decodeRemovalReentryProtection(ByteToMessageDecoder.java:529)
	at io.netty.handler.codec.ReplayingDecoder.callDecode(ReplayingDecoder.java:366)
	at io.netty.handler.codec.ByteToMessageDecoder.channelRead(ByteToMessageDecoder.java:290)
	at io.netty.channel.AbstractChannelHandlerContext.invokeChannelRead(AbstractChannelHandlerContext.java:444)
	at io.netty.channel.AbstractChannelHandlerContext.invokeChannelRead(AbstractChannelHandlerContext.java:420)
	at io.netty.channel.AbstractChannelHandlerContext.fireChannelRead(AbstractChannelHandlerContext.java:412)
	at io.netty.channel.DefaultChannelPipeline$HeadContext.channelRead(DefaultChannelPipeline.java:1410)
	at io.netty.channel.AbstractChannelHandlerContext.invokeChannelRead(AbstractChannelHandlerContext.java:440)
	at io.netty.channel.AbstractChannelHandlerContext.invokeChannelRead(AbstractChannelHandlerContext.java:420)
	at io.netty.channel.DefaultChannelPipeline.fireChannelRead(DefaultChannelPipeline.java:919)
	at io.netty.channel.nio.AbstractNioByteChannel$NioByteUnsafe.read(AbstractNioByteChannel.java:166)
	at io.netty.channel.nio.NioEventLoop.processSelectedKey(NioEventLoop.java:788)
	at io.netty.channel.nio.NioEventLoop.processSelectedKeysOptimized(NioEventLoop.java:724)
	at io.netty.channel.nio.NioEventLoop.processSelectedKeys(NioEventLoop.java:650)
	at io.netty.channel.nio.NioEventLoop.run(NioEventLoop.java:562)
	at io.netty.util.concurrent.SingleThreadEventExecutor$4.run(SingleThreadEventExecutor.java:997)
	at io.netty.util.internal.ThreadExecutorMap$2.run(ThreadExecutorMap.java:74)
	at io.netty.util.concurrent.FastThreadLocalRunnable.run(FastThreadLocalRunnable.java:30)
	at java.lang.Thread.run(Thread.java:748)
Caused by: java.lang.ClassNotFoundException: cn.zf.domain.strategy.model.entity.StrategyAwardEntity
	at java.net.URLClassLoader.findClass(URLClassLoader.java:382)
	at java.lang.ClassLoader.loadClass(ClassLoader.java:418)
	at sun.misc.Launcher$AppClassLoader.loadClass(Launcher.java:355)
	at java.lang.ClassLoader.loadClass(ClassLoader.java:351)
	at java.lang.Class.forName0(Native Method)
	at java.lang.Class.forName(Class.java:348)
	at com.esotericsoftware.kryo.util.DefaultClassResolver.readName(DefaultClassResolver.java:176)
	... 29 common frames omitted
24-08-12.13:26:20.135 [redisson-netty-2-2] ERROR ErrorsLoggingHandler   - Exception occured. Channel: [id: 0xffeb67af, L:/127.0.0.1:8942 - R:127.0.0.1/127.0.0.1:16379]
io.netty.handler.codec.DecoderException: com.esotericsoftware.kryo.KryoException: Unable to find class: cn.zf.domain.strategy.model.entity.StrategyAwardEntity
	at io.netty.handler.codec.ReplayingDecoder.callDecode(ReplayingDecoder.java:421)
	at io.netty.handler.codec.ByteToMessageDecoder.channelRead(ByteToMessageDecoder.java:290)
	at io.netty.channel.AbstractChannelHandlerContext.invokeChannelRead(AbstractChannelHandlerContext.java:444)
	at io.netty.channel.AbstractChannelHandlerContext.invokeChannelRead(AbstractChannelHandlerContext.java:420)
	at io.netty.channel.AbstractChannelHandlerContext.fireChannelRead(AbstractChannelHandlerContext.java:412)
	at io.netty.channel.DefaultChannelPipeline$HeadContext.channelRead(DefaultChannelPipeline.java:1410)
	at io.netty.channel.AbstractChannelHandlerContext.invokeChannelRead(AbstractChannelHandlerContext.java:440)
	at io.netty.channel.AbstractChannelHandlerContext.invokeChannelRead(AbstractChannelHandlerContext.java:420)
	at io.netty.channel.DefaultChannelPipeline.fireChannelRead(DefaultChannelPipeline.java:919)
	at io.netty.channel.nio.AbstractNioByteChannel$NioByteUnsafe.read(AbstractNioByteChannel.java:166)
	at io.netty.channel.nio.NioEventLoop.processSelectedKey(NioEventLoop.java:788)
	at io.netty.channel.nio.NioEventLoop.processSelectedKeysOptimized(NioEventLoop.java:724)
	at io.netty.channel.nio.NioEventLoop.processSelectedKeys(NioEventLoop.java:650)
	at io.netty.channel.nio.NioEventLoop.run(NioEventLoop.java:562)
	at io.netty.util.concurrent.SingleThreadEventExecutor$4.run(SingleThreadEventExecutor.java:997)
	at io.netty.util.internal.ThreadExecutorMap$2.run(ThreadExecutorMap.java:74)
	at io.netty.util.concurrent.FastThreadLocalRunnable.run(FastThreadLocalRunnable.java:30)
	at java.lang.Thread.run(Thread.java:748)
Caused by: com.esotericsoftware.kryo.KryoException: Unable to find class: cn.zf.domain.strategy.model.entity.StrategyAwardEntity
	at com.esotericsoftware.kryo.util.DefaultClassResolver.readName(DefaultClassResolver.java:182)
	at com.esotericsoftware.kryo.util.DefaultClassResolver.readClass(DefaultClassResolver.java:151)
	at com.esotericsoftware.kryo.Kryo.readClass(Kryo.java:758)
	at com.esotericsoftware.kryo.serializers.CollectionSerializer.read(CollectionSerializer.java:222)
	at com.esotericsoftware.kryo.serializers.CollectionSerializer.read(CollectionSerializer.java:44)
	at com.esotericsoftware.kryo.Kryo.readClassAndObject(Kryo.java:880)
	at org.redisson.codec.Kryo5Codec$4.decode(Kryo5Codec.java:144)
	at org.redisson.client.handler.CommandDecoder.decode(CommandDecoder.java:394)
	at org.redisson.client.handler.CommandDecoder.decodeCommand(CommandDecoder.java:205)
	at org.redisson.client.handler.CommandDecoder.decode(CommandDecoder.java:144)
	at org.redisson.client.handler.CommandDecoder.decode(CommandDecoder.java:120)
	at io.netty.handler.codec.ByteToMessageDecoder.decodeRemovalReentryProtection(ByteToMessageDecoder.java:529)
	at io.netty.handler.codec.ReplayingDecoder.callDecode(ReplayingDecoder.java:366)
	... 17 common frames omitted
Caused by: java.lang.ClassNotFoundException: cn.zf.domain.strategy.model.entity.StrategyAwardEntity
	at java.net.URLClassLoader.findClass(URLClassLoader.java:382)
	at java.lang.ClassLoader.loadClass(ClassLoader.java:418)
	at sun.misc.Launcher$AppClassLoader.loadClass(Launcher.java:355)
	at java.lang.ClassLoader.loadClass(ClassLoader.java:351)
	at java.lang.Class.forName0(Native Method)
	at java.lang.Class.forName(Class.java:348)
	at com.esotericsoftware.kryo.util.DefaultClassResolver.readName(DefaultClassResolver.java:176)
	... 29 common frames omitted
24-08-12.13:26:20.168 [SpringApplicationShutdownHook] INFO  HikariDataSource       - HikariPool-1 - Shutdown initiated...
24-08-12.13:26:20.171 [SpringApplicationShutdownHook] INFO  HikariDataSource       - HikariPool-1 - Shutdown completed.
24-08-12.13:31:11.861 [main            ] INFO  RaffleStrategyTest     - Starting RaffleStrategyTest using Java 1.8.0_281 on DESKTOP-VCO2F1Q with PID 17884 (started by pc in D:\Code\idea\big-market\big-market-app)
24-08-12.13:31:11.862 [main            ] INFO  RaffleStrategyTest     - The following 1 profile is active: "dev"
24-08-12.13:31:12.682 [main            ] INFO  RepositoryConfigurationDelegate - Multiple Spring Data modules found, entering strict repository configuration mode
24-08-12.13:31:12.684 [main            ] INFO  RepositoryConfigurationDelegate - Bootstrapping Spring Data Redis repositories in DEFAULT mode.
24-08-12.13:31:12.707 [main            ] INFO  RepositoryConfigurationDelegate - Finished Spring Data repository scanning in 11 ms. Found 0 Redis repository interfaces.
24-08-12.13:31:13.786 [main            ] INFO  Version                - Redisson 3.23.4
24-08-12.13:31:14.097 [redisson-netty-2-4] INFO  MasterPubSubConnectionPool - 1 connections initialized for 127.0.0.1/127.0.0.1:16379
24-08-12.13:31:14.116 [redisson-netty-2-13] INFO  MasterConnectionPool   - 5 connections initialized for 127.0.0.1/127.0.0.1:16379
24-08-12.13:31:15.388 [main            ] INFO  EndpointLinksResolver  - Exposing 1 endpoint(s) beneath base path '/actuator'
24-08-12.13:31:15.434 [main            ] INFO  RaffleStrategyTest     - Started RaffleStrategyTest in 3.945 seconds (JVM running for 4.76)
24-08-12.13:31:15.915 [main            ] INFO  HikariDataSource       - HikariPool-1 - Starting...
24-08-12.13:31:16.285 [main            ] INFO  HikariDataSource       - HikariPool-1 - Start completed.
24-08-12.13:31:16.344 [main            ] INFO  RaffleStrategyTest     - 测试结果：true
24-08-12.13:31:16.348 [redisson-netty-2-2] ERROR CommandDecoder         - Unable to decode data. channel: [id: 0x03f904b5, L:/127.0.0.1:9338 - R:127.0.0.1/127.0.0.1:16379], reply: ReplayingDecoderByteBuf(ridx=157, widx=157), command: (GET), promise: java.util.concurrent.CompletableFuture@26ddf926[Not completed, 1 dependents], params: [big_market_strategy_award_key_100002]
com.esotericsoftware.kryo.KryoException: Unable to find class: cn.zf.domain.strategy.model.entity.StrategyAwardEntity
	at com.esotericsoftware.kryo.util.DefaultClassResolver.readName(DefaultClassResolver.java:182)
	at com.esotericsoftware.kryo.util.DefaultClassResolver.readClass(DefaultClassResolver.java:151)
	at com.esotericsoftware.kryo.Kryo.readClass(Kryo.java:758)
	at com.esotericsoftware.kryo.serializers.CollectionSerializer.read(CollectionSerializer.java:222)
	at com.esotericsoftware.kryo.serializers.CollectionSerializer.read(CollectionSerializer.java:44)
	at com.esotericsoftware.kryo.Kryo.readClassAndObject(Kryo.java:880)
	at org.redisson.codec.Kryo5Codec$4.decode(Kryo5Codec.java:144)
	at org.redisson.client.handler.CommandDecoder.decode(CommandDecoder.java:394)
	at org.redisson.client.handler.CommandDecoder.decodeCommand(CommandDecoder.java:205)
	at org.redisson.client.handler.CommandDecoder.decode(CommandDecoder.java:144)
	at org.redisson.client.handler.CommandDecoder.decode(CommandDecoder.java:120)
	at io.netty.handler.codec.ByteToMessageDecoder.decodeRemovalReentryProtection(ByteToMessageDecoder.java:529)
	at io.netty.handler.codec.ReplayingDecoder.callDecode(ReplayingDecoder.java:366)
	at io.netty.handler.codec.ByteToMessageDecoder.channelRead(ByteToMessageDecoder.java:290)
	at io.netty.channel.AbstractChannelHandlerContext.invokeChannelRead(AbstractChannelHandlerContext.java:444)
	at io.netty.channel.AbstractChannelHandlerContext.invokeChannelRead(AbstractChannelHandlerContext.java:420)
	at io.netty.channel.AbstractChannelHandlerContext.fireChannelRead(AbstractChannelHandlerContext.java:412)
	at io.netty.channel.DefaultChannelPipeline$HeadContext.channelRead(DefaultChannelPipeline.java:1410)
	at io.netty.channel.AbstractChannelHandlerContext.invokeChannelRead(AbstractChannelHandlerContext.java:440)
	at io.netty.channel.AbstractChannelHandlerContext.invokeChannelRead(AbstractChannelHandlerContext.java:420)
	at io.netty.channel.DefaultChannelPipeline.fireChannelRead(DefaultChannelPipeline.java:919)
	at io.netty.channel.nio.AbstractNioByteChannel$NioByteUnsafe.read(AbstractNioByteChannel.java:166)
	at io.netty.channel.nio.NioEventLoop.processSelectedKey(NioEventLoop.java:788)
	at io.netty.channel.nio.NioEventLoop.processSelectedKeysOptimized(NioEventLoop.java:724)
	at io.netty.channel.nio.NioEventLoop.processSelectedKeys(NioEventLoop.java:650)
	at io.netty.channel.nio.NioEventLoop.run(NioEventLoop.java:562)
	at io.netty.util.concurrent.SingleThreadEventExecutor$4.run(SingleThreadEventExecutor.java:997)
	at io.netty.util.internal.ThreadExecutorMap$2.run(ThreadExecutorMap.java:74)
	at io.netty.util.concurrent.FastThreadLocalRunnable.run(FastThreadLocalRunnable.java:30)
	at java.lang.Thread.run(Thread.java:748)
Caused by: java.lang.ClassNotFoundException: cn.zf.domain.strategy.model.entity.StrategyAwardEntity
	at java.net.URLClassLoader.findClass(URLClassLoader.java:382)
	at java.lang.ClassLoader.loadClass(ClassLoader.java:418)
	at sun.misc.Launcher$AppClassLoader.loadClass(Launcher.java:355)
	at java.lang.ClassLoader.loadClass(ClassLoader.java:351)
	at java.lang.Class.forName0(Native Method)
	at java.lang.Class.forName(Class.java:348)
	at com.esotericsoftware.kryo.util.DefaultClassResolver.readName(DefaultClassResolver.java:176)
	... 29 common frames omitted
24-08-12.13:31:16.354 [redisson-netty-2-2] ERROR ErrorsLoggingHandler   - Exception occured. Channel: [id: 0x03f904b5, L:/127.0.0.1:9338 - R:127.0.0.1/127.0.0.1:16379]
io.netty.handler.codec.DecoderException: com.esotericsoftware.kryo.KryoException: Unable to find class: cn.zf.domain.strategy.model.entity.StrategyAwardEntity
	at io.netty.handler.codec.ReplayingDecoder.callDecode(ReplayingDecoder.java:421)
	at io.netty.handler.codec.ByteToMessageDecoder.channelRead(ByteToMessageDecoder.java:290)
	at io.netty.channel.AbstractChannelHandlerContext.invokeChannelRead(AbstractChannelHandlerContext.java:444)
	at io.netty.channel.AbstractChannelHandlerContext.invokeChannelRead(AbstractChannelHandlerContext.java:420)
	at io.netty.channel.AbstractChannelHandlerContext.fireChannelRead(AbstractChannelHandlerContext.java:412)
	at io.netty.channel.DefaultChannelPipeline$HeadContext.channelRead(DefaultChannelPipeline.java:1410)
	at io.netty.channel.AbstractChannelHandlerContext.invokeChannelRead(AbstractChannelHandlerContext.java:440)
	at io.netty.channel.AbstractChannelHandlerContext.invokeChannelRead(AbstractChannelHandlerContext.java:420)
	at io.netty.channel.DefaultChannelPipeline.fireChannelRead(DefaultChannelPipeline.java:919)
	at io.netty.channel.nio.AbstractNioByteChannel$NioByteUnsafe.read(AbstractNioByteChannel.java:166)
	at io.netty.channel.nio.NioEventLoop.processSelectedKey(NioEventLoop.java:788)
	at io.netty.channel.nio.NioEventLoop.processSelectedKeysOptimized(NioEventLoop.java:724)
	at io.netty.channel.nio.NioEventLoop.processSelectedKeys(NioEventLoop.java:650)
	at io.netty.channel.nio.NioEventLoop.run(NioEventLoop.java:562)
	at io.netty.util.concurrent.SingleThreadEventExecutor$4.run(SingleThreadEventExecutor.java:997)
	at io.netty.util.internal.ThreadExecutorMap$2.run(ThreadExecutorMap.java:74)
	at io.netty.util.concurrent.FastThreadLocalRunnable.run(FastThreadLocalRunnable.java:30)
	at java.lang.Thread.run(Thread.java:748)
Caused by: com.esotericsoftware.kryo.KryoException: Unable to find class: cn.zf.domain.strategy.model.entity.StrategyAwardEntity
	at com.esotericsoftware.kryo.util.DefaultClassResolver.readName(DefaultClassResolver.java:182)
	at com.esotericsoftware.kryo.util.DefaultClassResolver.readClass(DefaultClassResolver.java:151)
	at com.esotericsoftware.kryo.Kryo.readClass(Kryo.java:758)
	at com.esotericsoftware.kryo.serializers.CollectionSerializer.read(CollectionSerializer.java:222)
	at com.esotericsoftware.kryo.serializers.CollectionSerializer.read(CollectionSerializer.java:44)
	at com.esotericsoftware.kryo.Kryo.readClassAndObject(Kryo.java:880)
	at org.redisson.codec.Kryo5Codec$4.decode(Kryo5Codec.java:144)
	at org.redisson.client.handler.CommandDecoder.decode(CommandDecoder.java:394)
	at org.redisson.client.handler.CommandDecoder.decodeCommand(CommandDecoder.java:205)
	at org.redisson.client.handler.CommandDecoder.decode(CommandDecoder.java:144)
	at org.redisson.client.handler.CommandDecoder.decode(CommandDecoder.java:120)
	at io.netty.handler.codec.ByteToMessageDecoder.decodeRemovalReentryProtection(ByteToMessageDecoder.java:529)
	at io.netty.handler.codec.ReplayingDecoder.callDecode(ReplayingDecoder.java:366)
	... 17 common frames omitted
Caused by: java.lang.ClassNotFoundException: cn.zf.domain.strategy.model.entity.StrategyAwardEntity
	at java.net.URLClassLoader.findClass(URLClassLoader.java:382)
	at java.lang.ClassLoader.loadClass(ClassLoader.java:418)
	at sun.misc.Launcher$AppClassLoader.loadClass(Launcher.java:355)
	at java.lang.ClassLoader.loadClass(ClassLoader.java:351)
	at java.lang.Class.forName0(Native Method)
	at java.lang.Class.forName(Class.java:348)
	at com.esotericsoftware.kryo.util.DefaultClassResolver.readName(DefaultClassResolver.java:176)
	... 29 common frames omitted
24-08-12.13:31:16.400 [SpringApplicationShutdownHook] INFO  HikariDataSource       - HikariPool-1 - Shutdown initiated...
24-08-12.13:31:16.420 [SpringApplicationShutdownHook] INFO  HikariDataSource       - HikariPool-1 - Shutdown completed.
24-08-12.13:41:04.193 [main            ] INFO  RaffleStrategyTest     - Starting RaffleStrategyTest using Java 1.8.0_281 on DESKTOP-VCO2F1Q with PID 17072 (started by pc in D:\Code\idea\big-market\big-market-app)
24-08-12.13:41:04.194 [main            ] INFO  RaffleStrategyTest     - The following 1 profile is active: "dev"
24-08-12.13:41:05.039 [main            ] INFO  RepositoryConfigurationDelegate - Multiple Spring Data modules found, entering strict repository configuration mode
24-08-12.13:41:05.042 [main            ] INFO  RepositoryConfigurationDelegate - Bootstrapping Spring Data Redis repositories in DEFAULT mode.
24-08-12.13:41:05.075 [main            ] INFO  RepositoryConfigurationDelegate - Finished Spring Data repository scanning in 17 ms. Found 0 Redis repository interfaces.
24-08-12.13:41:06.215 [main            ] INFO  Version                - Redisson 3.23.4
24-08-12.13:41:06.508 [redisson-netty-2-4] INFO  MasterPubSubConnectionPool - 1 connections initialized for 127.0.0.1/127.0.0.1:16379
24-08-12.13:41:06.520 [redisson-netty-2-13] INFO  MasterConnectionPool   - 5 connections initialized for 127.0.0.1/127.0.0.1:16379
24-08-12.13:41:07.878 [main            ] INFO  EndpointLinksResolver  - Exposing 1 endpoint(s) beneath base path '/actuator'
24-08-12.13:41:07.936 [main            ] INFO  RaffleStrategyTest     - Started RaffleStrategyTest in 4.086 seconds (JVM running for 4.893)
24-08-12.13:41:08.260 [main            ] INFO  HikariDataSource       - HikariPool-1 - Starting...
24-08-12.13:41:08.623 [main            ] INFO  HikariDataSource       - HikariPool-1 - Start completed.
24-08-12.13:41:08.835 [main            ] INFO  RaffleStrategyTest     - 测试结果：true
24-08-12.13:41:08.878 [SpringApplicationShutdownHook] INFO  HikariDataSource       - HikariPool-1 - Shutdown initiated...
24-08-12.13:41:08.888 [SpringApplicationShutdownHook] INFO  HikariDataSource       - HikariPool-1 - Shutdown completed.
24-08-12.13:43:04.212 [main            ] INFO  RaffleStrategyTest     - Starting RaffleStrategyTest using Java 1.8.0_281 on DESKTOP-VCO2F1Q with PID 11232 (started by pc in D:\Code\idea\big-market\big-market-app)
24-08-12.13:43:04.213 [main            ] INFO  RaffleStrategyTest     - The following 1 profile is active: "dev"
24-08-12.13:43:04.902 [main            ] INFO  RepositoryConfigurationDelegate - Multiple Spring Data modules found, entering strict repository configuration mode
24-08-12.13:43:04.905 [main            ] INFO  RepositoryConfigurationDelegate - Bootstrapping Spring Data Redis repositories in DEFAULT mode.
24-08-12.13:43:04.926 [main            ] INFO  RepositoryConfigurationDelegate - Finished Spring Data repository scanning in 10 ms. Found 0 Redis repository interfaces.
24-08-12.13:43:05.924 [main            ] INFO  Version                - Redisson 3.23.4
24-08-12.13:43:06.235 [redisson-netty-2-4] INFO  MasterPubSubConnectionPool - 1 connections initialized for 127.0.0.1/127.0.0.1:16379
24-08-12.13:43:06.248 [redisson-netty-2-13] INFO  MasterConnectionPool   - 5 connections initialized for 127.0.0.1/127.0.0.1:16379
24-08-12.13:43:07.558 [main            ] INFO  EndpointLinksResolver  - Exposing 1 endpoint(s) beneath base path '/actuator'
24-08-12.13:43:07.603 [main            ] INFO  RaffleStrategyTest     - Started RaffleStrategyTest in 3.733 seconds (JVM running for 4.501)
24-08-12.13:43:08.046 [main            ] INFO  HikariDataSource       - HikariPool-1 - Starting...
24-08-12.13:43:08.400 [main            ] INFO  HikariDataSource       - HikariPool-1 - Start completed.
24-08-12.13:43:08.460 [main            ] INFO  RaffleStrategyTest     - 测试结果：true
24-08-12.13:43:08.466 [main            ] INFO  RaffleStrategyTest     - 测试结果：true
24-08-12.13:43:08.483 [main            ] INFO  RaffleStrategyTest     - 测试结果：true
24-08-12.13:43:08.487 [main            ] INFO  RuleBackListLogicFilter - 规则过滤-黑名单 userId:user003 strategyId:100001 ruleModel:rule_blacklist
24-08-12.13:43:08.663 [main            ] INFO  RaffleStrategyTest     - 请求参数：{"strategyId":100001,"userId":"user003"}
24-08-12.13:43:08.665 [main            ] INFO  RaffleStrategyTest     - 测试结果：{"awardId":100}
24-08-12.13:43:08.694 [SpringApplicationShutdownHook] INFO  HikariDataSource       - HikariPool-1 - Shutdown initiated...
24-08-12.13:43:08.703 [SpringApplicationShutdownHook] INFO  HikariDataSource       - HikariPool-1 - Shutdown completed.
24-08-12.13:45:47.997 [main            ] INFO  RaffleStrategyTest     - Starting RaffleStrategyTest using Java 1.8.0_281 on DESKTOP-VCO2F1Q with PID 10484 (started by pc in D:\Code\idea\big-market\big-market-app)
24-08-12.13:45:47.998 [main            ] INFO  RaffleStrategyTest     - The following 1 profile is active: "dev"
24-08-12.13:45:48.663 [main            ] INFO  RepositoryConfigurationDelegate - Multiple Spring Data modules found, entering strict repository configuration mode
24-08-12.13:45:48.665 [main            ] INFO  RepositoryConfigurationDelegate - Bootstrapping Spring Data Redis repositories in DEFAULT mode.
24-08-12.13:45:48.688 [main            ] INFO  RepositoryConfigurationDelegate - Finished Spring Data repository scanning in 11 ms. Found 0 Redis repository interfaces.
24-08-12.13:45:49.881 [main            ] INFO  Version                - Redisson 3.23.4
24-08-12.13:45:50.193 [redisson-netty-2-4] INFO  MasterPubSubConnectionPool - 1 connections initialized for 127.0.0.1/127.0.0.1:16379
24-08-12.13:45:50.207 [redisson-netty-2-13] INFO  MasterConnectionPool   - 5 connections initialized for 127.0.0.1/127.0.0.1:16379
24-08-12.13:45:51.589 [main            ] INFO  EndpointLinksResolver  - Exposing 1 endpoint(s) beneath base path '/actuator'
24-08-12.13:45:51.643 [main            ] INFO  RaffleStrategyTest     - Started RaffleStrategyTest in 4.011 seconds (JVM running for 4.711)
24-08-12.13:45:52.082 [main            ] INFO  HikariDataSource       - HikariPool-1 - Starting...
24-08-12.13:45:52.439 [main            ] INFO  HikariDataSource       - HikariPool-1 - Start completed.
24-08-12.13:45:52.495 [main            ] INFO  RaffleStrategyTest     - 测试结果：true
24-08-12.13:45:52.501 [main            ] INFO  RaffleStrategyTest     - 测试结果：true
24-08-12.13:45:52.506 [main            ] INFO  RaffleStrategyTest     - 测试结果：true
24-08-12.13:45:52.519 [main            ] INFO  RuleLockLogicFilter    - 规则过滤-次数锁 userId:xiaofuge strategyId:100003 ruleModel:rule_lock
24-08-12.13:45:52.535 [main            ] INFO  DefaultRaffleStrategy  - 抽奖中规则过滤 userId: xiaofuge ruleModel: rule_lock code: 0000 info: 放行；执行后续的流程，不受规则引擎影响
24-08-12.13:45:52.687 [main            ] INFO  RaffleStrategyTest     - 请求参数：{"strategyId":100003,"userId":"xiaofuge"}
24-08-12.13:45:52.689 [main            ] INFO  RaffleStrategyTest     - 测试结果：{"awardId":107}
24-08-12.13:45:52.717 [SpringApplicationShutdownHook] INFO  HikariDataSource       - HikariPool-1 - Shutdown initiated...
24-08-12.13:45:52.726 [SpringApplicationShutdownHook] INFO  HikariDataSource       - HikariPool-1 - Shutdown completed.
24-08-12.14:06:19.084 [main            ] INFO  RaffleStrategyTest     - Starting RaffleStrategyTest using Java 1.8.0_281 on DESKTOP-VCO2F1Q with PID 5164 (started by pc in D:\Code\idea\big-market\big-market-app)
24-08-12.14:06:19.085 [main            ] INFO  RaffleStrategyTest     - The following 1 profile is active: "dev"
24-08-12.14:06:21.708 [main            ] INFO  RepositoryConfigurationDelegate - Multiple Spring Data modules found, entering strict repository configuration mode
24-08-12.14:06:21.712 [main            ] INFO  RepositoryConfigurationDelegate - Bootstrapping Spring Data Redis repositories in DEFAULT mode.
24-08-12.14:06:21.800 [main            ] INFO  RepositoryConfigurationDelegate - Finished Spring Data repository scanning in 36 ms. Found 0 Redis repository interfaces.
24-08-12.14:06:24.614 [main            ] INFO  Version                - Redisson 3.23.4
24-08-12.14:06:25.123 [redisson-netty-2-4] INFO  MasterPubSubConnectionPool - 1 connections initialized for 127.0.0.1/127.0.0.1:16379
24-08-12.14:06:25.140 [redisson-netty-2-13] INFO  MasterConnectionPool   - 5 connections initialized for 127.0.0.1/127.0.0.1:16379
24-08-12.14:06:27.640 [main            ] INFO  EndpointLinksResolver  - Exposing 1 endpoint(s) beneath base path '/actuator'
24-08-12.14:06:27.718 [main            ] INFO  RaffleStrategyTest     - Started RaffleStrategyTest in 9.471 seconds (JVM running for 11.059)
24-08-12.14:06:28.364 [main            ] INFO  HikariDataSource       - HikariPool-1 - Starting...
24-08-12.14:06:29.091 [main            ] INFO  HikariDataSource       - HikariPool-1 - Start completed.
24-08-12.14:06:29.353 [main            ] INFO  RaffleStrategyTest     - 测试结果：true
24-08-12.14:06:29.364 [main            ] INFO  RaffleStrategyTest     - 测试结果：true
24-08-12.14:06:29.375 [main            ] INFO  RaffleStrategyTest     - 测试结果：true
24-08-12.14:06:29.388 [main            ] INFO  RuleLockLogicFilter    - 规则过滤-次数锁 userId:xiaofuge strategyId:100003 ruleModel:rule_lock
24-08-12.14:06:29.414 [main            ] INFO  DefaultRaffleStrategy  - 抽奖中规则过滤 userId: xiaofuge ruleModel: rule_lock code: 0001 info: 接管；后续的流程，受规则引擎执行结果影响
24-08-12.14:06:29.414 [main            ] INFO  AbstractRaffleStrategy - 【临时日志】中奖中规则拦截，通过抽奖后规则 rule_luck_award 走兜底奖励。
24-08-12.14:06:29.898 [main            ] INFO  RaffleStrategyTest     - 请求参数：{"strategyId":100003,"userId":"xiaofuge"}
24-08-12.14:06:29.900 [main            ] INFO  RaffleStrategyTest     - 测试结果：{"awardDesc":"中奖中规则拦截，通过抽奖后规则 rule_luck_award 走兜底奖励。"}
24-08-12.14:06:29.969 [SpringApplicationShutdownHook] INFO  HikariDataSource       - HikariPool-1 - Shutdown initiated...
24-08-12.14:06:29.977 [SpringApplicationShutdownHook] INFO  HikariDataSource       - HikariPool-1 - Shutdown completed.
24-08-12.14:07:02.001 [main            ] INFO  RaffleStrategyTest     - Starting RaffleStrategyTest using Java 1.8.0_281 on DESKTOP-VCO2F1Q with PID 17056 (started by pc in D:\Code\idea\big-market\big-market-app)
24-08-12.14:07:02.002 [main            ] INFO  RaffleStrategyTest     - The following 1 profile is active: "dev"
24-08-12.14:07:02.750 [main            ] INFO  RepositoryConfigurationDelegate - Multiple Spring Data modules found, entering strict repository configuration mode
24-08-12.14:07:02.753 [main            ] INFO  RepositoryConfigurationDelegate - Bootstrapping Spring Data Redis repositories in DEFAULT mode.
24-08-12.14:07:02.783 [main            ] INFO  RepositoryConfigurationDelegate - Finished Spring Data repository scanning in 14 ms. Found 0 Redis repository interfaces.
24-08-12.14:07:03.940 [main            ] INFO  Version                - Redisson 3.23.4
24-08-12.14:07:04.281 [redisson-netty-2-5] INFO  MasterPubSubConnectionPool - 1 connections initialized for 127.0.0.1/127.0.0.1:16379
24-08-12.14:07:04.297 [redisson-netty-2-13] INFO  MasterConnectionPool   - 5 connections initialized for 127.0.0.1/127.0.0.1:16379
24-08-12.14:07:06.256 [main            ] INFO  EndpointLinksResolver  - Exposing 1 endpoint(s) beneath base path '/actuator'
24-08-12.14:07:06.356 [main            ] INFO  RaffleStrategyTest     - Started RaffleStrategyTest in 4.768 seconds (JVM running for 5.626)
24-08-12.14:07:07.453 [main            ] INFO  HikariDataSource       - HikariPool-1 - Starting...
24-08-12.14:07:08.102 [main            ] INFO  HikariDataSource       - HikariPool-1 - Start completed.
24-08-12.14:07:08.169 [main            ] INFO  RaffleStrategyTest     - 测试结果：true
24-08-12.14:07:08.175 [main            ] INFO  RaffleStrategyTest     - 测试结果：true
24-08-12.14:07:08.180 [main            ] INFO  RaffleStrategyTest     - 测试结果：true
24-08-12.14:07:08.201 [main            ] INFO  RuleLockLogicFilter    - 规则过滤-次数锁 userId:xiaofuge strategyId:100003 ruleModel:rule_lock
24-08-12.14:07:08.248 [main            ] INFO  DefaultRaffleStrategy  - 抽奖中规则过滤 userId: xiaofuge ruleModel: rule_lock code: 0000 info: 放行；执行后续的流程，不受规则引擎影响
24-08-12.14:07:08.663 [main            ] INFO  RaffleStrategyTest     - 请求参数：{"strategyId":100003,"userId":"xiaofuge"}
24-08-12.14:07:08.666 [main            ] INFO  RaffleStrategyTest     - 测试结果：{"awardId":107}
24-08-12.14:07:08.744 [SpringApplicationShutdownHook] INFO  HikariDataSource       - HikariPool-1 - Shutdown initiated...
24-08-12.14:07:08.753 [SpringApplicationShutdownHook] INFO  HikariDataSource       - HikariPool-1 - Shutdown completed.
24-08-12.15:12:14.608 [main            ] INFO  LogicChainTest         - Starting LogicChainTest using Java 1.8.0_281 on DESKTOP-VCO2F1Q with PID 22332 (started by pc in D:\Code\idea\big-market\big-market-app)
24-08-12.15:12:14.609 [main            ] INFO  LogicChainTest         - The following 1 profile is active: "dev"
24-08-12.15:12:17.257 [main            ] INFO  RepositoryConfigurationDelegate - Multiple Spring Data modules found, entering strict repository configuration mode
24-08-12.15:12:17.260 [main            ] INFO  RepositoryConfigurationDelegate - Bootstrapping Spring Data Redis repositories in DEFAULT mode.
24-08-12.15:12:17.341 [main            ] INFO  RepositoryConfigurationDelegate - Finished Spring Data repository scanning in 45 ms. Found 0 Redis repository interfaces.
24-08-12.15:12:20.047 [main            ] INFO  Version                - Redisson 3.23.4
24-08-12.15:12:20.559 [redisson-netty-2-4] INFO  MasterPubSubConnectionPool - 1 connections initialized for 127.0.0.1/127.0.0.1:16379
24-08-12.15:12:20.573 [redisson-netty-2-13] INFO  MasterConnectionPool   - 5 connections initialized for 127.0.0.1/127.0.0.1:16379
24-08-12.15:12:23.439 [main            ] INFO  EndpointLinksResolver  - Exposing 1 endpoint(s) beneath base path '/actuator'
24-08-12.15:12:23.506 [main            ] INFO  LogicChainTest         - Started LogicChainTest in 9.575 seconds (JVM running for 11.665)
24-08-12.15:12:25.230 [main            ] INFO  HikariDataSource       - HikariPool-1 - Starting...
24-08-12.15:12:25.744 [main            ] INFO  HikariDataSource       - HikariPool-1 - Start completed.
24-08-12.15:12:25.829 [main            ] INFO  LogicChainTest         - 测试结果：true
24-08-12.15:12:25.835 [main            ] INFO  LogicChainTest         - 测试结果：true
24-08-12.15:12:25.840 [main            ] INFO  LogicChainTest         - 测试结果：true
24-08-12.15:12:25.846 [main            ] INFO  DefaultLogicChain      - 抽奖责任链-默认处理 userId: user001 strategyId: 100003 ruleModel: default awardId: 107
24-08-12.15:12:25.846 [main            ] INFO  LogicChainTest         - 测试结果：107
24-08-12.15:12:25.954 [SpringApplicationShutdownHook] INFO  HikariDataSource       - HikariPool-1 - Shutdown initiated...
24-08-12.15:12:25.961 [SpringApplicationShutdownHook] INFO  HikariDataSource       - HikariPool-1 - Shutdown completed.
24-08-12.15:13:00.312 [main            ] INFO  LogicChainTest         - Starting LogicChainTest using Java 1.8.0_281 on DESKTOP-VCO2F1Q with PID 22336 (started by pc in D:\Code\idea\big-market\big-market-app)
24-08-12.15:13:00.313 [main            ] INFO  LogicChainTest         - The following 1 profile is active: "dev"
24-08-12.15:13:01.382 [main            ] INFO  RepositoryConfigurationDelegate - Multiple Spring Data modules found, entering strict repository configuration mode
24-08-12.15:13:01.385 [main            ] INFO  RepositoryConfigurationDelegate - Bootstrapping Spring Data Redis repositories in DEFAULT mode.
24-08-12.15:13:01.433 [main            ] INFO  RepositoryConfigurationDelegate - Finished Spring Data repository scanning in 32 ms. Found 0 Redis repository interfaces.
24-08-12.15:13:03.112 [main            ] INFO  Version                - Redisson 3.23.4
24-08-12.15:13:03.583 [redisson-netty-2-4] INFO  MasterPubSubConnectionPool - 1 connections initialized for 127.0.0.1/127.0.0.1:16379
24-08-12.15:13:03.599 [redisson-netty-2-13] INFO  MasterConnectionPool   - 5 connections initialized for 127.0.0.1/127.0.0.1:16379
24-08-12.15:13:05.281 [main            ] INFO  EndpointLinksResolver  - Exposing 1 endpoint(s) beneath base path '/actuator'
24-08-12.15:13:05.336 [main            ] INFO  LogicChainTest         - Started LogicChainTest in 5.451 seconds (JVM running for 6.794)
24-08-12.15:13:05.779 [main            ] INFO  HikariDataSource       - HikariPool-1 - Starting...
24-08-12.15:13:06.146 [main            ] INFO  HikariDataSource       - HikariPool-1 - Start completed.
24-08-12.15:13:06.203 [main            ] INFO  LogicChainTest         - 测试结果：true
24-08-12.15:13:06.210 [main            ] INFO  LogicChainTest         - 测试结果：true
24-08-12.15:13:06.216 [main            ] INFO  LogicChainTest         - 测试结果：true
24-08-12.15:13:06.305 [SpringApplicationShutdownHook] INFO  HikariDataSource       - HikariPool-1 - Shutdown initiated...
24-08-12.15:13:06.324 [SpringApplicationShutdownHook] INFO  HikariDataSource       - HikariPool-1 - Shutdown completed.
24-08-12.15:18:50.246 [main            ] INFO  LogicChainTest         - Starting LogicChainTest using Java 1.8.0_281 on DESKTOP-VCO2F1Q with PID 15520 (started by pc in D:\Code\idea\big-market\big-market-app)
24-08-12.15:18:50.247 [main            ] INFO  LogicChainTest         - The following 1 profile is active: "dev"
24-08-12.15:18:50.917 [main            ] INFO  RepositoryConfigurationDelegate - Multiple Spring Data modules found, entering strict repository configuration mode
24-08-12.15:18:50.919 [main            ] INFO  RepositoryConfigurationDelegate - Bootstrapping Spring Data Redis repositories in DEFAULT mode.
24-08-12.15:18:50.942 [main            ] INFO  RepositoryConfigurationDelegate - Finished Spring Data repository scanning in 12 ms. Found 0 Redis repository interfaces.
24-08-12.15:18:51.956 [main            ] INFO  Version                - Redisson 3.23.4
24-08-12.15:18:52.260 [redisson-netty-2-4] INFO  MasterPubSubConnectionPool - 1 connections initialized for 127.0.0.1/127.0.0.1:16379
24-08-12.15:18:52.274 [redisson-netty-2-13] INFO  MasterConnectionPool   - 5 connections initialized for 127.0.0.1/127.0.0.1:16379
24-08-12.15:18:53.974 [main            ] INFO  EndpointLinksResolver  - Exposing 1 endpoint(s) beneath base path '/actuator'
24-08-12.15:18:54.083 [main            ] INFO  LogicChainTest         - Started LogicChainTest in 4.191 seconds (JVM running for 4.911)
24-08-12.15:18:55.457 [main            ] INFO  HikariDataSource       - HikariPool-1 - Starting...
24-08-12.15:18:55.909 [main            ] INFO  HikariDataSource       - HikariPool-1 - Start completed.
24-08-12.15:18:56.003 [main            ] INFO  LogicChainTest         - 测试结果：true
24-08-12.15:18:56.009 [main            ] INFO  LogicChainTest         - 测试结果：true
24-08-12.15:18:56.016 [main            ] INFO  LogicChainTest         - 测试结果：true
24-08-12.15:18:56.106 [SpringApplicationShutdownHook] INFO  HikariDataSource       - HikariPool-1 - Shutdown initiated...
24-08-12.15:18:56.129 [SpringApplicationShutdownHook] INFO  HikariDataSource       - HikariPool-1 - Shutdown completed.
24-08-12.15:19:42.155 [main            ] INFO  LogicChainTest         - Starting LogicChainTest using Java 1.8.0_281 on DESKTOP-VCO2F1Q with PID 21864 (started by pc in D:\Code\idea\big-market\big-market-app)
24-08-12.15:19:42.155 [main            ] INFO  LogicChainTest         - The following 1 profile is active: "dev"
24-08-12.15:19:42.831 [main            ] INFO  RepositoryConfigurationDelegate - Multiple Spring Data modules found, entering strict repository configuration mode
24-08-12.15:19:42.834 [main            ] INFO  RepositoryConfigurationDelegate - Bootstrapping Spring Data Redis repositories in DEFAULT mode.
24-08-12.15:19:42.857 [main            ] INFO  RepositoryConfigurationDelegate - Finished Spring Data repository scanning in 12 ms. Found 0 Redis repository interfaces.
24-08-12.15:19:43.913 [main            ] INFO  Version                - Redisson 3.23.4
24-08-12.15:19:44.215 [redisson-netty-2-4] INFO  MasterPubSubConnectionPool - 1 connections initialized for 127.0.0.1/127.0.0.1:16379
24-08-12.15:19:44.228 [redisson-netty-2-13] INFO  MasterConnectionPool   - 5 connections initialized for 127.0.0.1/127.0.0.1:16379
24-08-12.15:19:45.628 [main            ] INFO  EndpointLinksResolver  - Exposing 1 endpoint(s) beneath base path '/actuator'
24-08-12.15:19:45.687 [main            ] INFO  LogicChainTest         - Started LogicChainTest in 3.887 seconds (JVM running for 4.713)
24-08-12.15:19:46.165 [main            ] INFO  HikariDataSource       - HikariPool-1 - Starting...
24-08-12.15:19:46.514 [main            ] INFO  HikariDataSource       - HikariPool-1 - Start completed.
24-08-12.15:19:46.575 [main            ] INFO  LogicChainTest         - 测试结果：true
24-08-12.15:19:46.581 [main            ] INFO  LogicChainTest         - 测试结果：true
24-08-12.15:19:46.587 [main            ] INFO  LogicChainTest         - 测试结果：true
24-08-12.15:19:46.621 [SpringApplicationShutdownHook] INFO  HikariDataSource       - HikariPool-1 - Shutdown initiated...
24-08-12.15:19:46.637 [SpringApplicationShutdownHook] INFO  HikariDataSource       - HikariPool-1 - Shutdown completed.
24-08-12.15:20:35.207 [main            ] INFO  RaffleStrategyTest     - Starting RaffleStrategyTest using Java 1.8.0_281 on DESKTOP-VCO2F1Q with PID 9016 (started by pc in D:\Code\idea\big-market\big-market-app)
24-08-12.15:20:35.207 [main            ] INFO  RaffleStrategyTest     - The following 1 profile is active: "dev"
24-08-12.15:20:35.963 [main            ] INFO  RepositoryConfigurationDelegate - Multiple Spring Data modules found, entering strict repository configuration mode
24-08-12.15:20:35.965 [main            ] INFO  RepositoryConfigurationDelegate - Bootstrapping Spring Data Redis repositories in DEFAULT mode.
24-08-12.15:20:35.991 [main            ] INFO  RepositoryConfigurationDelegate - Finished Spring Data repository scanning in 13 ms. Found 0 Redis repository interfaces.
24-08-12.15:20:37.076 [main            ] INFO  Version                - Redisson 3.23.4
24-08-12.15:20:37.412 [redisson-netty-2-4] INFO  MasterPubSubConnectionPool - 1 connections initialized for 127.0.0.1/127.0.0.1:16379
24-08-12.15:20:37.426 [redisson-netty-2-13] INFO  MasterConnectionPool   - 5 connections initialized for 127.0.0.1/127.0.0.1:16379
24-08-12.15:20:38.880 [main            ] INFO  EndpointLinksResolver  - Exposing 1 endpoint(s) beneath base path '/actuator'
24-08-12.15:20:38.934 [main            ] INFO  RaffleStrategyTest     - Started RaffleStrategyTest in 4.117 seconds (JVM running for 4.925)
24-08-12.15:20:39.401 [main            ] INFO  HikariDataSource       - HikariPool-1 - Starting...
24-08-12.15:20:39.804 [main            ] INFO  HikariDataSource       - HikariPool-1 - Start completed.
24-08-12.15:20:39.873 [main            ] INFO  RaffleStrategyTest     - 测试结果：true
24-08-12.15:20:39.880 [main            ] INFO  RaffleStrategyTest     - 测试结果：true
24-08-12.15:20:39.885 [main            ] INFO  RaffleStrategyTest     - 测试结果：true
24-08-12.15:20:39.927 [SpringApplicationShutdownHook] INFO  HikariDataSource       - HikariPool-1 - Shutdown initiated...
24-08-12.15:20:39.943 [SpringApplicationShutdownHook] INFO  HikariDataSource       - HikariPool-1 - Shutdown completed.
24-08-12.15:21:05.040 [main            ] INFO  LogicChainTest         - Starting LogicChainTest using Java 1.8.0_281 on DESKTOP-VCO2F1Q with PID 21800 (started by pc in D:\Code\idea\big-market\big-market-app)
24-08-12.15:21:05.041 [main            ] INFO  LogicChainTest         - The following 1 profile is active: "dev"
24-08-12.15:21:05.724 [main            ] INFO  RepositoryConfigurationDelegate - Multiple Spring Data modules found, entering strict repository configuration mode
24-08-12.15:21:05.726 [main            ] INFO  RepositoryConfigurationDelegate - Bootstrapping Spring Data Redis repositories in DEFAULT mode.
24-08-12.15:21:05.750 [main            ] INFO  RepositoryConfigurationDelegate - Finished Spring Data repository scanning in 12 ms. Found 0 Redis repository interfaces.
24-08-12.15:21:06.747 [main            ] INFO  Version                - Redisson 3.23.4
24-08-12.15:21:07.046 [redisson-netty-2-4] INFO  MasterPubSubConnectionPool - 1 connections initialized for 127.0.0.1/127.0.0.1:16379
24-08-12.15:21:07.059 [redisson-netty-2-13] INFO  MasterConnectionPool   - 5 connections initialized for 127.0.0.1/127.0.0.1:16379
24-08-12.15:21:08.536 [main            ] INFO  EndpointLinksResolver  - Exposing 1 endpoint(s) beneath base path '/actuator'
24-08-12.15:21:08.600 [main            ] INFO  LogicChainTest         - Started LogicChainTest in 3.919 seconds (JVM running for 4.681)
24-08-12.15:21:09.088 [main            ] INFO  HikariDataSource       - HikariPool-1 - Starting...
24-08-12.15:21:09.467 [main            ] INFO  HikariDataSource       - HikariPool-1 - Start completed.
24-08-12.15:21:09.526 [main            ] INFO  LogicChainTest         - 测试结果：true
24-08-12.15:21:09.531 [main            ] INFO  LogicChainTest         - 测试结果：true
24-08-12.15:21:09.535 [main            ] INFO  LogicChainTest         - 测试结果：true
24-08-12.15:21:09.572 [SpringApplicationShutdownHook] INFO  HikariDataSource       - HikariPool-1 - Shutdown initiated...
24-08-12.15:21:09.600 [SpringApplicationShutdownHook] INFO  HikariDataSource       - HikariPool-1 - Shutdown completed.
24-08-12.15:22:09.406 [main            ] INFO  LogicChainTest         - Starting LogicChainTest using Java 1.8.0_281 on DESKTOP-VCO2F1Q with PID 21892 (started by pc in D:\Code\idea\big-market\big-market-app)
24-08-12.15:22:09.407 [main            ] INFO  LogicChainTest         - The following 1 profile is active: "dev"
24-08-12.15:22:10.213 [main            ] INFO  RepositoryConfigurationDelegate - Multiple Spring Data modules found, entering strict repository configuration mode
24-08-12.15:22:10.218 [main            ] INFO  RepositoryConfigurationDelegate - Bootstrapping Spring Data Redis repositories in DEFAULT mode.
24-08-12.15:22:10.255 [main            ] INFO  RepositoryConfigurationDelegate - Finished Spring Data repository scanning in 20 ms. Found 0 Redis repository interfaces.
24-08-12.15:22:11.408 [main            ] INFO  Version                - Redisson 3.23.4
24-08-12.15:22:11.729 [redisson-netty-2-5] INFO  MasterPubSubConnectionPool - 1 connections initialized for 127.0.0.1/127.0.0.1:16379
24-08-12.15:22:11.744 [redisson-netty-2-13] INFO  MasterConnectionPool   - 5 connections initialized for 127.0.0.1/127.0.0.1:16379
24-08-12.15:22:13.378 [main            ] INFO  EndpointLinksResolver  - Exposing 1 endpoint(s) beneath base path '/actuator'
24-08-12.15:22:13.438 [main            ] INFO  LogicChainTest         - Started LogicChainTest in 4.415 seconds (JVM running for 5.334)
24-08-12.15:22:13.984 [main            ] INFO  HikariDataSource       - HikariPool-1 - Starting...
24-08-12.15:22:14.392 [main            ] INFO  HikariDataSource       - HikariPool-1 - Start completed.
24-08-12.15:22:14.451 [main            ] INFO  LogicChainTest         - 测试结果：true
24-08-12.15:22:14.457 [main            ] INFO  LogicChainTest         - 测试结果：true
24-08-12.15:22:14.461 [main            ] INFO  LogicChainTest         - 测试结果：true
24-08-12.15:23:39.096 [HikariPool-1 housekeeper] WARN  HikariPool             - HikariPool-1 - Thread starvation or clock leap detected (housekeeper delta=1m54s703ms783µs500ns).
24-08-12.15:23:39.147 [SpringApplicationShutdownHook] INFO  HikariDataSource       - HikariPool-1 - Shutdown initiated...
24-08-12.15:23:39.155 [SpringApplicationShutdownHook] INFO  HikariDataSource       - HikariPool-1 - Shutdown completed.
24-08-12.15:24:40.273 [main            ] INFO  LogicChainTest         - Starting LogicChainTest using Java 1.8.0_281 on DESKTOP-VCO2F1Q with PID 9732 (started by pc in D:\Code\idea\big-market\big-market-app)
24-08-12.15:24:40.274 [main            ] INFO  LogicChainTest         - The following 1 profile is active: "dev"
24-08-12.15:24:40.955 [main            ] INFO  RepositoryConfigurationDelegate - Multiple Spring Data modules found, entering strict repository configuration mode
24-08-12.15:24:40.958 [main            ] INFO  RepositoryConfigurationDelegate - Bootstrapping Spring Data Redis repositories in DEFAULT mode.
24-08-12.15:24:40.981 [main            ] INFO  RepositoryConfigurationDelegate - Finished Spring Data repository scanning in 12 ms. Found 0 Redis repository interfaces.
24-08-12.15:24:42.067 [main            ] INFO  Version                - Redisson 3.23.4
24-08-12.15:24:42.377 [redisson-netty-2-4] INFO  MasterPubSubConnectionPool - 1 connections initialized for 127.0.0.1/127.0.0.1:16379
24-08-12.15:24:42.392 [redisson-netty-2-13] INFO  MasterConnectionPool   - 5 connections initialized for 127.0.0.1/127.0.0.1:16379
24-08-12.15:24:43.853 [main            ] INFO  EndpointLinksResolver  - Exposing 1 endpoint(s) beneath base path '/actuator'
24-08-12.15:24:43.912 [main            ] INFO  LogicChainTest         - Started LogicChainTest in 4.001 seconds (JVM running for 4.747)
24-08-12.15:24:44.571 [main            ] INFO  HikariDataSource       - HikariPool-1 - Starting...
24-08-12.15:24:44.989 [main            ] INFO  HikariDataSource       - HikariPool-1 - Start completed.
24-08-12.15:24:45.050 [main            ] INFO  LogicChainTest         - 测试结果：true
24-08-12.15:24:45.057 [main            ] INFO  LogicChainTest         - 测试结果：true
24-08-12.15:24:45.062 [main            ] INFO  LogicChainTest         - 测试结果：true
24-08-12.15:24:45.096 [SpringApplicationShutdownHook] INFO  HikariDataSource       - HikariPool-1 - Shutdown initiated...
24-08-12.15:24:45.122 [SpringApplicationShutdownHook] INFO  HikariDataSource       - HikariPool-1 - Shutdown completed.
24-08-12.15:25:17.610 [main            ] INFO  LogicChainTest         - Starting LogicChainTest using Java 1.8.0_281 on DESKTOP-VCO2F1Q with PID 19528 (started by pc in D:\Code\idea\big-market\big-market-app)
24-08-12.15:25:17.611 [main            ] INFO  LogicChainTest         - The following 1 profile is active: "dev"
24-08-12.15:25:18.318 [main            ] INFO  RepositoryConfigurationDelegate - Multiple Spring Data modules found, entering strict repository configuration mode
24-08-12.15:25:18.321 [main            ] INFO  RepositoryConfigurationDelegate - Bootstrapping Spring Data Redis repositories in DEFAULT mode.
24-08-12.15:25:18.346 [main            ] INFO  RepositoryConfigurationDelegate - Finished Spring Data repository scanning in 13 ms. Found 0 Redis repository interfaces.
24-08-12.15:25:19.424 [main            ] INFO  Version                - Redisson 3.23.4
24-08-12.15:25:19.727 [redisson-netty-2-4] INFO  MasterPubSubConnectionPool - 1 connections initialized for 127.0.0.1/127.0.0.1:16379
24-08-12.15:25:19.740 [redisson-netty-2-13] INFO  MasterConnectionPool   - 5 connections initialized for 127.0.0.1/127.0.0.1:16379
24-08-12.15:25:21.248 [main            ] INFO  EndpointLinksResolver  - Exposing 1 endpoint(s) beneath base path '/actuator'
24-08-12.15:25:21.349 [main            ] INFO  LogicChainTest         - Started LogicChainTest in 4.088 seconds (JVM running for 4.828)
24-08-12.15:25:21.866 [main            ] INFO  HikariDataSource       - HikariPool-1 - Starting...
24-08-12.15:25:22.232 [main            ] INFO  HikariDataSource       - HikariPool-1 - Start completed.
24-08-12.15:25:22.287 [main            ] INFO  LogicChainTest         - 测试结果：true
24-08-12.15:25:22.292 [main            ] INFO  LogicChainTest         - 测试结果：true
24-08-12.15:25:22.297 [main            ] INFO  LogicChainTest         - 测试结果：true
24-08-12.15:25:22.329 [SpringApplicationShutdownHook] INFO  HikariDataSource       - HikariPool-1 - Shutdown initiated...
24-08-12.15:25:22.333 [SpringApplicationShutdownHook] INFO  HikariDataSource       - HikariPool-1 - Shutdown completed.
24-08-12.15:25:43.259 [main            ] INFO  LogicChainTest         - Starting LogicChainTest using Java 1.8.0_281 on DESKTOP-VCO2F1Q with PID 19732 (started by pc in D:\Code\idea\big-market\big-market-app)
24-08-12.15:25:43.260 [main            ] INFO  LogicChainTest         - The following 1 profile is active: "dev"
24-08-12.15:25:43.996 [main            ] INFO  RepositoryConfigurationDelegate - Multiple Spring Data modules found, entering strict repository configuration mode
24-08-12.15:25:43.999 [main            ] INFO  RepositoryConfigurationDelegate - Bootstrapping Spring Data Redis repositories in DEFAULT mode.
24-08-12.15:25:44.022 [main            ] INFO  RepositoryConfigurationDelegate - Finished Spring Data repository scanning in 12 ms. Found 0 Redis repository interfaces.
24-08-12.15:25:45.152 [main            ] INFO  Version                - Redisson 3.23.4
24-08-12.15:25:45.467 [redisson-netty-2-4] INFO  MasterPubSubConnectionPool - 1 connections initialized for 127.0.0.1/127.0.0.1:16379
24-08-12.15:25:45.481 [redisson-netty-2-13] INFO  MasterConnectionPool   - 5 connections initialized for 127.0.0.1/127.0.0.1:16379
24-08-12.15:25:46.836 [main            ] INFO  EndpointLinksResolver  - Exposing 1 endpoint(s) beneath base path '/actuator'
24-08-12.15:25:46.895 [main            ] INFO  LogicChainTest         - Started LogicChainTest in 4.03 seconds (JVM running for 4.781)
24-08-12.15:25:47.370 [main            ] INFO  HikariDataSource       - HikariPool-1 - Starting...
24-08-12.15:25:47.730 [main            ] INFO  HikariDataSource       - HikariPool-1 - Start completed.
24-08-12.15:25:47.790 [main            ] INFO  LogicChainTest         - 测试结果：true
24-08-12.15:25:47.796 [main            ] INFO  LogicChainTest         - 测试结果：true
24-08-12.15:25:47.800 [main            ] INFO  LogicChainTest         - 测试结果：true
24-08-12.15:25:47.831 [SpringApplicationShutdownHook] INFO  HikariDataSource       - HikariPool-1 - Shutdown initiated...
24-08-12.15:25:47.835 [SpringApplicationShutdownHook] INFO  HikariDataSource       - HikariPool-1 - Shutdown completed.
24-08-12.15:27:41.889 [main            ] INFO  LogicChainTest         - Starting LogicChainTest using Java 1.8.0_281 on DESKTOP-VCO2F1Q with PID 16832 (started by pc in D:\Code\idea\big-market\big-market-app)
24-08-12.15:27:41.891 [main            ] INFO  LogicChainTest         - The following 1 profile is active: "dev"
24-08-12.15:27:42.577 [main            ] INFO  RepositoryConfigurationDelegate - Multiple Spring Data modules found, entering strict repository configuration mode
24-08-12.15:27:42.579 [main            ] INFO  RepositoryConfigurationDelegate - Bootstrapping Spring Data Redis repositories in DEFAULT mode.
24-08-12.15:27:42.601 [main            ] INFO  RepositoryConfigurationDelegate - Finished Spring Data repository scanning in 11 ms. Found 0 Redis repository interfaces.
24-08-12.15:27:43.617 [main            ] INFO  Version                - Redisson 3.23.4
24-08-12.15:27:43.904 [redisson-netty-2-4] INFO  MasterPubSubConnectionPool - 1 connections initialized for 127.0.0.1/127.0.0.1:16379
24-08-12.15:27:43.917 [redisson-netty-2-13] INFO  MasterConnectionPool   - 5 connections initialized for 127.0.0.1/127.0.0.1:16379
24-08-12.15:27:45.338 [main            ] INFO  EndpointLinksResolver  - Exposing 1 endpoint(s) beneath base path '/actuator'
24-08-12.15:27:45.397 [main            ] INFO  LogicChainTest         - Started LogicChainTest in 3.817 seconds (JVM running for 4.519)
24-08-12.15:27:45.872 [main            ] INFO  HikariDataSource       - HikariPool-1 - Starting...
24-08-12.15:27:46.243 [main            ] INFO  HikariDataSource       - HikariPool-1 - Start completed.
24-08-12.15:27:46.298 [main            ] INFO  LogicChainTest         - 测试结果：true
24-08-12.15:27:46.304 [main            ] INFO  LogicChainTest         - 测试结果：true
24-08-12.15:27:46.308 [main            ] INFO  LogicChainTest         - 测试结果：true
24-08-12.15:27:46.344 [SpringApplicationShutdownHook] INFO  HikariDataSource       - HikariPool-1 - Shutdown initiated...
24-08-12.15:27:46.347 [SpringApplicationShutdownHook] INFO  HikariDataSource       - HikariPool-1 - Shutdown completed.
24-08-12.15:32:23.059 [main            ] INFO  LogicChainTest         - Starting LogicChainTest using Java 1.8.0_281 on DESKTOP-VCO2F1Q with PID 11444 (started by pc in D:\Code\idea\big-market\big-market-app)
24-08-12.15:32:23.060 [main            ] INFO  LogicChainTest         - The following 1 profile is active: "dev"
24-08-12.15:32:23.696 [main            ] INFO  RepositoryConfigurationDelegate - Multiple Spring Data modules found, entering strict repository configuration mode
24-08-12.15:32:23.698 [main            ] INFO  RepositoryConfigurationDelegate - Bootstrapping Spring Data Redis repositories in DEFAULT mode.
24-08-12.15:32:23.721 [main            ] INFO  RepositoryConfigurationDelegate - Finished Spring Data repository scanning in 12 ms. Found 0 Redis repository interfaces.
24-08-12.15:32:24.711 [main            ] INFO  Version                - Redisson 3.23.4
24-08-12.15:32:25.004 [redisson-netty-2-4] INFO  MasterPubSubConnectionPool - 1 connections initialized for 127.0.0.1/127.0.0.1:16379
24-08-12.15:32:25.017 [redisson-netty-2-13] INFO  MasterConnectionPool   - 5 connections initialized for 127.0.0.1/127.0.0.1:16379
24-08-12.15:32:26.363 [main            ] INFO  EndpointLinksResolver  - Exposing 1 endpoint(s) beneath base path '/actuator'
24-08-12.15:32:26.420 [main            ] INFO  LogicChainTest         - Started LogicChainTest in 3.727 seconds (JVM running for 4.457)
24-08-12.15:32:26.845 [main            ] INFO  HikariDataSource       - HikariPool-1 - Starting...
24-08-12.15:32:27.199 [main            ] INFO  HikariDataSource       - HikariPool-1 - Start completed.
24-08-12.15:32:27.254 [main            ] INFO  LogicChainTest         - 测试结果：true
24-08-12.15:32:27.260 [main            ] INFO  LogicChainTest         - 测试结果：true
24-08-12.15:32:27.264 [main            ] INFO  LogicChainTest         - 测试结果：true
24-08-12.15:32:27.268 [main            ] INFO  RuleWeightLogicChain   - 抽奖责任链-权重开始 userId: xiaofuge strategyId: 100001 ruleModel: rule_weight
24-08-12.15:32:27.288 [main            ] INFO  RuleWeightLogicChain   - 抽奖责任链-权重接管 userId: xiaofuge strategyId: 100001 ruleModel: rule_weight awardId: 102
24-08-12.15:32:27.288 [main            ] INFO  LogicChainTest         - 测试结果：102
24-08-12.15:32:27.312 [SpringApplicationShutdownHook] INFO  HikariDataSource       - HikariPool-1 - Shutdown initiated...
24-08-12.15:32:27.315 [SpringApplicationShutdownHook] INFO  HikariDataSource       - HikariPool-1 - Shutdown completed.
24-08-12.15:32:33.894 [main            ] INFO  LogicChainTest         - Starting LogicChainTest using Java 1.8.0_281 on DESKTOP-VCO2F1Q with PID 22344 (started by pc in D:\Code\idea\big-market\big-market-app)
24-08-12.15:32:33.895 [main            ] INFO  LogicChainTest         - The following 1 profile is active: "dev"
24-08-12.15:32:34.614 [main            ] INFO  RepositoryConfigurationDelegate - Multiple Spring Data modules found, entering strict repository configuration mode
24-08-12.15:32:34.617 [main            ] INFO  RepositoryConfigurationDelegate - Bootstrapping Spring Data Redis repositories in DEFAULT mode.
24-08-12.15:32:34.641 [main            ] INFO  RepositoryConfigurationDelegate - Finished Spring Data repository scanning in 13 ms. Found 0 Redis repository interfaces.
24-08-12.15:32:35.744 [main            ] INFO  Version                - Redisson 3.23.4
24-08-12.15:32:36.049 [redisson-netty-2-4] INFO  MasterPubSubConnectionPool - 1 connections initialized for 127.0.0.1/127.0.0.1:16379
24-08-12.15:32:36.061 [redisson-netty-2-13] INFO  MasterConnectionPool   - 5 connections initialized for 127.0.0.1/127.0.0.1:16379
24-08-12.15:32:37.466 [main            ] INFO  EndpointLinksResolver  - Exposing 1 endpoint(s) beneath base path '/actuator'
24-08-12.15:32:37.522 [main            ] INFO  LogicChainTest         - Started LogicChainTest in 4.031 seconds (JVM running for 4.791)
24-08-12.15:32:37.992 [main            ] INFO  HikariDataSource       - HikariPool-1 - Starting...
24-08-12.15:32:38.367 [main            ] INFO  HikariDataSource       - HikariPool-1 - Start completed.
24-08-12.15:32:38.424 [main            ] INFO  LogicChainTest         - 测试结果：true
24-08-12.15:32:38.430 [main            ] INFO  LogicChainTest         - 测试结果：true
24-08-12.15:32:38.436 [main            ] INFO  LogicChainTest         - 测试结果：true
24-08-12.15:32:38.439 [main            ] INFO  RuleWeightLogicChain   - 抽奖责任链-权重开始 userId: xiaofuge strategyId: 100001 ruleModel: rule_weight
24-08-12.15:32:38.456 [main            ] INFO  RuleWeightLogicChain   - 抽奖责任链-权重放行 userId: xiaofuge strategyId: 100001 ruleModel: rule_weight
24-08-12.15:32:38.456 [main            ] INFO  BackListLogicChain     - 抽奖责任链-黑名单开始 userId: xiaofuge strategyId: 100001 ruleModel: rule_blacklist
24-08-12.15:32:38.457 [main            ] INFO  BackListLogicChain     - 抽奖责任链-黑名单放行 userId: xiaofuge strategyId: 100001 ruleModel: rule_blacklist
24-08-12.15:32:38.463 [main            ] INFO  DefaultLogicChain      - 抽奖责任链-默认处理 userId: xiaofuge strategyId: 100001 ruleModel: default awardId: 108
24-08-12.15:32:38.463 [main            ] INFO  LogicChainTest         - 测试结果：108
24-08-12.15:32:38.491 [SpringApplicationShutdownHook] INFO  HikariDataSource       - HikariPool-1 - Shutdown initiated...
24-08-12.15:32:38.506 [SpringApplicationShutdownHook] INFO  HikariDataSource       - HikariPool-1 - Shutdown completed.
